New log file opened at Sat Oct 17 14:31:46 COT 2015 by 8533@hedeon-N56VJ
Taking next connection to: 42028
New client attempting to connect on port: 54396-42028
  Address = /127.0.1.1:42028
This client on port 54396 has uuid 270e1254-644e-4576-a5e1-21dc9bade374 configName activator humanReadableName Activator protocolVersion 3 featureTags Vector()
Connected Clients: activator-270e1254-644e-4576-a5e1-21dc9bade374
Taking next connection to: 42028
New client attempting to connect on port: 54397-42028
  Address = /127.0.1.1:42028
Handshake exception on socket: 54397
sbt.impl.ipc.HandshakeException: Unable to perform handshake
	at sbt.impl.ipc.Peer.handshake(IPC.scala:46)
	at sbt.impl.ipc.MultiClientServer.<init>(IPC.scala:150)
	at sbt.server.SbtServerSocketHandler$$anon$1.run(SbtServerSocketHandler.scala:43)
Caused by: java.io.EOFException
	at java.io.DataInputStream.readInt(DataInputStream.java:392)
	at sbt.impl.ipc.Peer.receive(IPC.scala:95)
	at sbt.impl.ipc.Peer.handshake(IPC.scala:49)
	... 2 more
Taking next connection to: 42028
New client attempting to connect on port: 54398-42028
  Address = /127.0.1.1:42028
This client on port 54398 has uuid 12d91320-31af-46e8-ac0b-5cc85e534756 configName activator humanReadableName Activator protocolVersion 3 featureTags Vector()
Connected Clients: activator-270e1254-644e-4576-a5e1-21dc9bade374, activator-12d91320-31af-46e8-ac0b-5cc85e534756
Taking next connection to: 42028
