New log file opened at Tue Nov 24 17:28:11 COT 2015 by 25255@ferlinux-N551JK
Sending msg to client play-fork-run-aaed8f2d-27b8-4ccc-a03e-ec80d9e8b9cb: DetachedLogEvent(LogMessage(debug,sbt server socket logs are in: /home/ferlinux/activator-dist-1.3.6/spinnerbank-api-internal-demo/.sbtserver/connections/master.log))
Sending msg to client play-fork-run-aaed8f2d-27b8-4ccc-a03e-ec80d9e8b9cb: DetachedLogEvent(LogMessage(debug,sbt general server logs are in: /home/ferlinux/activator-dist-1.3.6/spinnerbank-api-internal-demo/.sbtserver/master.log))
Sending msg to client play-fork-run-aaed8f2d-27b8-4ccc-a03e-ec80d9e8b9cb: DetachedLogEvent(LogMessage(debug,sbt client logs are in: /home/ferlinux/activator-dist-1.3.6/spinnerbank-api-internal-demo/.sbtserver/connections/play-fork-run-aaed8f2d-27b8-4ccc-a03e-ec80d9e8b9cb.log))
Reading next message from client.
Got request: DaemonRequest(true)
Reading next message from client.
Sending msg to client play-fork-run-aaed8f2d-27b8-4ccc-a03e-ec80d9e8b9cb: (3,ReceivedResponse())
Got request: ListenToEvents()
Reading next message from client.
Sending msg to client play-fork-run-aaed8f2d-27b8-4ccc-a03e-ec80d9e8b9cb: BackgroundJobStarted(10,BackgroundJobInfo(2,backgroundRun,AttributeKey[sbt.BackgroundJobHandle]("backgroundRun") in Scope(Build: file:/home/ferlinux/activator-dist-1.3.6/spinnerbank-api-internal-demo/, , Project: ProjectReference(file:/home/ferlinux/activator-dist-1.3.6/spinnerbank-api-internal-demo/,root), Config: compile)))
Sending msg to client play-fork-run-aaed8f2d-27b8-4ccc-a03e-ec80d9e8b9cb: (4,ReceivedResponse())
Got request: KeyLookupRequest(root/playForkConfig)
Reading next message from client.
Sending msg to client play-fork-run-aaed8f2d-27b8-4ccc-a03e-ec80d9e8b9cb: (5,KeyLookupResponse(root/playForkConfig,Vector(AttributeKey[play.forkrun.protocol.ForkConfig]("playForkConfig") in Scope(Build: file:/home/ferlinux/activator-dist-1.3.6/spinnerbank-api-internal-demo/, , Project: ProjectReference(file:/home/ferlinux/activator-dist-1.3.6/spinnerbank-api-internal-demo/,root)))))
Got request: ListenToValue(AttributeKey[play.forkrun.protocol.ForkConfig]("playForkConfig") in Scope(Build: file:/home/ferlinux/activator-dist-1.3.6/spinnerbank-api-internal-demo/, , Project: ProjectReference(file:/home/ferlinux/activator-dist-1.3.6/spinnerbank-api-internal-demo/,root)))
Reading next message from client.
Sending msg to client play-fork-run-aaed8f2d-27b8-4ccc-a03e-ec80d9e8b9cb: (6,ReceivedResponse())
Got request: KeyExecutionRequest(AttributeKey[play.forkrun.protocol.ForkConfig]("playForkConfig") in Scope(Build: file:/home/ferlinux/activator-dist-1.3.6/spinnerbank-api-internal-demo/, , Project: ProjectReference(file:/home/ferlinux/activator-dist-1.3.6/spinnerbank-api-internal-demo/,root)))
Reading next message from client.
Sending msg to client play-fork-run-aaed8f2d-27b8-4ccc-a03e-ec80d9e8b9cb: (7,ExecutionRequestReceived(11))
Sending msg to client play-fork-run-aaed8f2d-27b8-4ccc-a03e-ec80d9e8b9cb: ExecutionWaiting(11,{file:/home/ferlinux/activator-dist-1.3.6/spinnerbank-api-internal-demo/}root/*:playForkConfig,ClientInfo(aaed8f2d-27b8-4ccc-a03e-ec80d9e8b9cb,play-fork-run,Play Fork Run,1,Vector()))
Sending msg to client play-fork-run-aaed8f2d-27b8-4ccc-a03e-ec80d9e8b9cb: ExecutionStarting(11)
Sending msg to client play-fork-run-aaed8f2d-27b8-4ccc-a03e-ec80d9e8b9cb: DetachedLogEvent(LogMessage(debug,> {file:/home/ferlinux/activator-dist-1.3.6/spinnerbank-api-internal-demo/}root/*:playForkConfig))
Sending msg to client play-fork-run-aaed8f2d-27b8-4ccc-a03e-ec80d9e8b9cb: DetachedLogEvent(LogMessage(debug,Evaluating tasks: *:playForkConfig))
Sending msg to client play-fork-run-aaed8f2d-27b8-4ccc-a03e-ec80d9e8b9cb: DetachedLogEvent(LogMessage(debug,Running task... Cancel: sbt.server.ServerTaskCancellation@52ca3691, check cycles: false))
Sending msg to client play-fork-run-aaed8f2d-27b8-4ccc-a03e-ec80d9e8b9cb: DetachedLogEvent(LogMessage(debug,cancel strategy start enabled=true lastCommand=Some(LastCommand(CommandExecutionWork(ExecutionId(11),{file:/home/ferlinux/activator-dist-1.3.6/spinnerbank-api-internal-demo/}root/*:playForkConfig,Set(LiveClient(play-fork-run aaed8f2d-27b8-4ccc-a03e-ec80d9e8b9cb)),sbt.server.WorkCancellationStatus$$anon$1@5b43a02)))))
Sending msg to client play-fork-run-aaed8f2d-27b8-4ccc-a03e-ec80d9e8b9cb: TaskStarted(11,554,Some(AttributeKey[scala.Tuple2[java.lang.String,java.io.File]]("playPrefixAndAssets") in Scope(Build: file:/home/ferlinux/activator-dist-1.3.6/spinnerbank-api-internal-demo/, , Project: ProjectReference(file:/home/ferlinux/activator-dist-1.3.6/spinnerbank-api-internal-demo/,root))))
Sending msg to client play-fork-run-aaed8f2d-27b8-4ccc-a03e-ec80d9e8b9cb: TaskStarted(11,557,None)
Sending msg to client play-fork-run-aaed8f2d-27b8-4ccc-a03e-ec80d9e8b9cb: TaskStarted(11,565,None)
Sending msg to client play-fork-run-aaed8f2d-27b8-4ccc-a03e-ec80d9e8b9cb: TaskStarted(11,568,Some(AttributeKey[java.lang.String]("updateCacheName") in Scope(Build: file:/home/ferlinux/activator-dist-1.3.6/spinnerbank-api-internal-demo/, , Project: ProjectReference(file:/home/ferlinux/activator-dist-1.3.6/spinnerbank-api-internal-demo/,root))))
Sending msg to client play-fork-run-aaed8f2d-27b8-4ccc-a03e-ec80d9e8b9cb: TaskStarted(11,569,Some(AttributeKey[boolean]("skip") in Scope(Global)))
Sending msg to client play-fork-run-aaed8f2d-27b8-4ccc-a03e-ec80d9e8b9cb: TaskStarted(11,570,None)
Sending msg to client play-fork-run-aaed8f2d-27b8-4ccc-a03e-ec80d9e8b9cb: TaskStarted(11,577,None)
Sending msg to client play-fork-run-aaed8f2d-27b8-4ccc-a03e-ec80d9e8b9cb: TaskStarted(11,585,Some(AttributeKey[scala.collection.Seq[sbt.Resolver]]("externalResolvers") in Scope(Build: file:/home/ferlinux/activator-dist-1.3.6/spinnerbank-api-internal-demo/, , Project: ProjectReference(file:/home/ferlinux/activator-dist-1.3.6/spinnerbank-api-internal-demo/,root))))
Sending msg to client play-fork-run-aaed8f2d-27b8-4ccc-a03e-ec80d9e8b9cb: TaskStarted(11,586,Some(AttributeKey[scala.Option[scala.collection.Seq[sbt.Resolver]]]("bootResolvers") in Scope(Build: file:/home/ferlinux/activator-dist-1.3.6/spinnerbank-api-internal-demo/, , Project: ProjectReference(file:/home/ferlinux/activator-dist-1.3.6/spinnerbank-api-internal-demo/,root))))
Sending msg to client play-fork-run-aaed8f2d-27b8-4ccc-a03e-ec80d9e8b9cb: TaskStarted(11,588,Some(AttributeKey[scala.collection.Seq[sbt.Credentials]]("credentials") in Scope(Global)))
Sending msg to client play-fork-run-aaed8f2d-27b8-4ccc-a03e-ec80d9e8b9cb: TaskStarted(11,594,None)
Sending msg to client play-fork-run-aaed8f2d-27b8-4ccc-a03e-ec80d9e8b9cb: TaskStarted(11,597,None)
Sending msg to client play-fork-run-aaed8f2d-27b8-4ccc-a03e-ec80d9e8b9cb: TaskStarted(11,598,None)
Sending msg to client play-fork-run-aaed8f2d-27b8-4ccc-a03e-ec80d9e8b9cb: TaskStarted(11,603,None)
Sending msg to client play-fork-run-aaed8f2d-27b8-4ccc-a03e-ec80d9e8b9cb: TaskStarted(11,606,Some(AttributeKey[scala.Option[java.lang.String]]("mainClass") in Scope(Build: file:/home/ferlinux/activator-dist-1.3.6/spinnerbank-api-internal-demo/, , Project: ProjectReference(file:/home/ferlinux/activator-dist-1.3.6/spinnerbank-api-internal-demo/,root), Config: compile, Task: AttributeKey[void]("run"))))
Sending msg to client play-fork-run-aaed8f2d-27b8-4ccc-a03e-ec80d9e8b9cb: TaskStarted(11,607,Some(AttributeKey[scala.collection.Seq[java.lang.String]]("javaOptions") in Scope(Global)))
Sending msg to client play-fork-run-aaed8f2d-27b8-4ccc-a03e-ec80d9e8b9cb: TaskFinished(11,554,Some(AttributeKey[scala.Tuple2[java.lang.String,java.io.File]]("playPrefixAndAssets") in Scope(Build: file:/home/ferlinux/activator-dist-1.3.6/spinnerbank-api-internal-demo/, , Project: ProjectReference(file:/home/ferlinux/activator-dist-1.3.6/spinnerbank-api-internal-demo/,root))),true,None)
Sending msg to client play-fork-run-aaed8f2d-27b8-4ccc-a03e-ec80d9e8b9cb: TaskStarted(11,553,Some(AttributeKey[scala.collection.Seq[scala.Tuple2[java.lang.String,java.io.File]]]("playAllAssets") in Scope(Build: file:/home/ferlinux/activator-dist-1.3.6/spinnerbank-api-internal-demo/, , Project: ProjectReference(file:/home/ferlinux/activator-dist-1.3.6/spinnerbank-api-internal-demo/,root))))
Sending msg to client play-fork-run-aaed8f2d-27b8-4ccc-a03e-ec80d9e8b9cb: TaskFinished(11,557,None,true,None)
Sending msg to client play-fork-run-aaed8f2d-27b8-4ccc-a03e-ec80d9e8b9cb: TaskStarted(11,556,None)
Sending msg to client play-fork-run-aaed8f2d-27b8-4ccc-a03e-ec80d9e8b9cb: TaskStarted(11,560,None)
Sending msg to client play-fork-run-aaed8f2d-27b8-4ccc-a03e-ec80d9e8b9cb: TaskStarted(11,580,None)
Sending msg to client play-fork-run-aaed8f2d-27b8-4ccc-a03e-ec80d9e8b9cb: TaskStarted(11,584,None)
Sending msg to client play-fork-run-aaed8f2d-27b8-4ccc-a03e-ec80d9e8b9cb: TaskStarted(11,587,None)
Sending msg to client play-fork-run-aaed8f2d-27b8-4ccc-a03e-ec80d9e8b9cb: TaskStarted(11,592,None)
Sending msg to client play-fork-run-aaed8f2d-27b8-4ccc-a03e-ec80d9e8b9cb: TaskStarted(11,595,None)
Sending msg to client play-fork-run-aaed8f2d-27b8-4ccc-a03e-ec80d9e8b9cb: TaskStarted(11,600,None)
Sending msg to client play-fork-run-aaed8f2d-27b8-4ccc-a03e-ec80d9e8b9cb: TaskFinished(11,565,None,true,None)
Sending msg to client play-fork-run-aaed8f2d-27b8-4ccc-a03e-ec80d9e8b9cb: TaskFinished(11,568,Some(AttributeKey[java.lang.String]("updateCacheName") in Scope(Build: file:/home/ferlinux/activator-dist-1.3.6/spinnerbank-api-internal-demo/, , Project: ProjectReference(file:/home/ferlinux/activator-dist-1.3.6/spinnerbank-api-internal-demo/,root))),true,None)
Sending msg to client play-fork-run-aaed8f2d-27b8-4ccc-a03e-ec80d9e8b9cb: TaskFinished(11,569,Some(AttributeKey[boolean]("skip") in Scope(Global)),true,None)
Sending msg to client play-fork-run-aaed8f2d-27b8-4ccc-a03e-ec80d9e8b9cb: TaskFinished(11,577,None,true,None)
Sending msg to client play-fork-run-aaed8f2d-27b8-4ccc-a03e-ec80d9e8b9cb: TaskStarted(11,576,Some(AttributeKey[sbt.BuildStructure]("buildStructure") in Scope(Global)))
Sending msg to client play-fork-run-aaed8f2d-27b8-4ccc-a03e-ec80d9e8b9cb: TaskStarted(11,589,Some(AttributeKey[java.io.File]("dependencyCacheDirectory") in Scope(Build: file:/home/ferlinux/activator-dist-1.3.6/spinnerbank-api-internal-demo/, , Project: ProjectReference(file:/home/ferlinux/activator-dist-1.3.6/spinnerbank-api-internal-demo/,root))))
Sending msg to client play-fork-run-aaed8f2d-27b8-4ccc-a03e-ec80d9e8b9cb: TaskFinished(11,585,Some(AttributeKey[scala.collection.Seq[sbt.Resolver]]("externalResolvers") in Scope(Build: file:/home/ferlinux/activator-dist-1.3.6/spinnerbank-api-internal-demo/, , Project: ProjectReference(file:/home/ferlinux/activator-dist-1.3.6/spinnerbank-api-internal-demo/,root))),true,None)
Sending msg to client play-fork-run-aaed8f2d-27b8-4ccc-a03e-ec80d9e8b9cb: TaskFinished(11,570,None,true,None)
Sending msg to client play-fork-run-aaed8f2d-27b8-4ccc-a03e-ec80d9e8b9cb: TaskFinished(11,588,Some(AttributeKey[scala.collection.Seq[sbt.Credentials]]("credentials") in Scope(Global)),true,None)
Sending msg to client play-fork-run-aaed8f2d-27b8-4ccc-a03e-ec80d9e8b9cb: TaskFinished(11,586,Some(AttributeKey[scala.Option[scala.collection.Seq[sbt.Resolver]]]("bootResolvers") in Scope(Build: file:/home/ferlinux/activator-dist-1.3.6/spinnerbank-api-internal-demo/, , Project: ProjectReference(file:/home/ferlinux/activator-dist-1.3.6/spinnerbank-api-internal-demo/,root))),true,None)
Sending msg to client play-fork-run-aaed8f2d-27b8-4ccc-a03e-ec80d9e8b9cb: TaskFinished(11,594,None,true,None)
Sending msg to client play-fork-run-aaed8f2d-27b8-4ccc-a03e-ec80d9e8b9cb: TaskFinished(11,597,None,true,None)
Sending msg to client play-fork-run-aaed8f2d-27b8-4ccc-a03e-ec80d9e8b9cb: TaskFinished(11,598,None,true,None)
Sending msg to client play-fork-run-aaed8f2d-27b8-4ccc-a03e-ec80d9e8b9cb: TaskStarted(11,596,Some(AttributeKey[scala.collection.Seq[sbt.UpdateReport]]("transitiveUpdate") in Scope(Build: file:/home/ferlinux/activator-dist-1.3.6/spinnerbank-api-internal-demo/, , Project: ProjectReference(file:/home/ferlinux/activator-dist-1.3.6/spinnerbank-api-internal-demo/,root))))
Sending msg to client play-fork-run-aaed8f2d-27b8-4ccc-a03e-ec80d9e8b9cb: TaskFinished(11,603,None,true,None)
Sending msg to client play-fork-run-aaed8f2d-27b8-4ccc-a03e-ec80d9e8b9cb: TaskFinished(11,606,Some(AttributeKey[scala.Option[java.lang.String]]("mainClass") in Scope(Build: file:/home/ferlinux/activator-dist-1.3.6/spinnerbank-api-internal-demo/, , Project: ProjectReference(file:/home/ferlinux/activator-dist-1.3.6/spinnerbank-api-internal-demo/,root), Config: compile, Task: AttributeKey[void]("run"))),true,None)
Sending msg to client play-fork-run-aaed8f2d-27b8-4ccc-a03e-ec80d9e8b9cb: TaskFinished(11,607,Some(AttributeKey[scala.collection.Seq[java.lang.String]]("javaOptions") in Scope(Global)),true,None)
Sending msg to client play-fork-run-aaed8f2d-27b8-4ccc-a03e-ec80d9e8b9cb: TaskFinished(11,553,Some(AttributeKey[scala.collection.Seq[scala.Tuple2[java.lang.String,java.io.File]]]("playAllAssets") in Scope(Build: file:/home/ferlinux/activator-dist-1.3.6/spinnerbank-api-internal-demo/, , Project: ProjectReference(file:/home/ferlinux/activator-dist-1.3.6/spinnerbank-api-internal-demo/,root))),true,None)
Sending msg to client play-fork-run-aaed8f2d-27b8-4ccc-a03e-ec80d9e8b9cb: TaskFinished(11,556,None,true,None)
Sending msg to client play-fork-run-aaed8f2d-27b8-4ccc-a03e-ec80d9e8b9cb: TaskFinished(11,560,None,true,None)
Sending msg to client play-fork-run-aaed8f2d-27b8-4ccc-a03e-ec80d9e8b9cb: TaskFinished(11,580,None,true,None)
Sending msg to client play-fork-run-aaed8f2d-27b8-4ccc-a03e-ec80d9e8b9cb: TaskFinished(11,584,None,true,None)
Sending msg to client play-fork-run-aaed8f2d-27b8-4ccc-a03e-ec80d9e8b9cb: TaskFinished(11,587,None,true,None)
Sending msg to client play-fork-run-aaed8f2d-27b8-4ccc-a03e-ec80d9e8b9cb: TaskFinished(11,592,None,true,None)
Sending msg to client play-fork-run-aaed8f2d-27b8-4ccc-a03e-ec80d9e8b9cb: TaskStarted(11,591,Some(AttributeKey[scala.collection.immutable.Map[sbt.ModuleID,sbt.SourcePosition]]("dependencyPositions") in Scope(Build: file:/home/ferlinux/activator-dist-1.3.6/spinnerbank-api-internal-demo/, , Project: ProjectReference(file:/home/ferlinux/activator-dist-1.3.6/spinnerbank-api-internal-demo/,root))))
Sending msg to client play-fork-run-aaed8f2d-27b8-4ccc-a03e-ec80d9e8b9cb: TaskFinished(11,595,None,true,None)
Sending msg to client play-fork-run-aaed8f2d-27b8-4ccc-a03e-ec80d9e8b9cb: TaskFinished(11,600,None,true,None)
Sending msg to client play-fork-run-aaed8f2d-27b8-4ccc-a03e-ec80d9e8b9cb: TaskFinished(11,596,Some(AttributeKey[scala.collection.Seq[sbt.UpdateReport]]("transitiveUpdate") in Scope(Build: file:/home/ferlinux/activator-dist-1.3.6/spinnerbank-api-internal-demo/, , Project: ProjectReference(file:/home/ferlinux/activator-dist-1.3.6/spinnerbank-api-internal-demo/,root))),true,None)
Sending msg to client play-fork-run-aaed8f2d-27b8-4ccc-a03e-ec80d9e8b9cb: TaskFinished(11,589,Some(AttributeKey[java.io.File]("dependencyCacheDirectory") in Scope(Build: file:/home/ferlinux/activator-dist-1.3.6/spinnerbank-api-internal-demo/, , Project: ProjectReference(file:/home/ferlinux/activator-dist-1.3.6/spinnerbank-api-internal-demo/,root))),true,None)
Sending msg to client play-fork-run-aaed8f2d-27b8-4ccc-a03e-ec80d9e8b9cb: TaskFinished(11,576,Some(AttributeKey[sbt.BuildStructure]("buildStructure") in Scope(Global)),true,None)
Sending msg to client play-fork-run-aaed8f2d-27b8-4ccc-a03e-ec80d9e8b9cb: TaskStarted(11,575,Some(AttributeKey[sbt.Settings[sbt.Scope]]("settingsData") in Scope(Global)))
Sending msg to client play-fork-run-aaed8f2d-27b8-4ccc-a03e-ec80d9e8b9cb: TaskFinished(11,591,Some(AttributeKey[scala.collection.immutable.Map[sbt.ModuleID,sbt.SourcePosition]]("dependencyPositions") in Scope(Build: file:/home/ferlinux/activator-dist-1.3.6/spinnerbank-api-internal-demo/, , Project: ProjectReference(file:/home/ferlinux/activator-dist-1.3.6/spinnerbank-api-internal-demo/,root))),true,None)
Sending msg to client play-fork-run-aaed8f2d-27b8-4ccc-a03e-ec80d9e8b9cb: TaskStarted(11,590,Some(AttributeKey[sbt.UnresolvedWarningConfiguration]("unresolvedWarningConfiguration") in Scope(Build: file:/home/ferlinux/activator-dist-1.3.6/spinnerbank-api-internal-demo/, , Project: ProjectReference(file:/home/ferlinux/activator-dist-1.3.6/spinnerbank-api-internal-demo/,root), Task: AttributeKey[sbt.UpdateReport]("update"))))
Sending msg to client play-fork-run-aaed8f2d-27b8-4ccc-a03e-ec80d9e8b9cb: TaskFinished(11,575,Some(AttributeKey[sbt.Settings[sbt.Scope]]("settingsData") in Scope(Global)),true,None)
Sending msg to client play-fork-run-aaed8f2d-27b8-4ccc-a03e-ec80d9e8b9cb: TaskStarted(11,574,Some(AttributeKey[scala.collection.Seq[sbt.ModuleID]]("projectDependencies") in Scope(Build: file:/home/ferlinux/activator-dist-1.3.6/spinnerbank-api-internal-demo/, , Project: ProjectReference(file:/home/ferlinux/activator-dist-1.3.6/spinnerbank-api-internal-demo/,root))))
Sending msg to client play-fork-run-aaed8f2d-27b8-4ccc-a03e-ec80d9e8b9cb: TaskStarted(11,583,Some(AttributeKey[scala.collection.immutable.Map[org.apache.ivy.core.module.id.ModuleRevisionId,org.apache.ivy.core.module.descriptor.ModuleDescriptor]]("projectDescriptors") in Scope(Build: file:/home/ferlinux/activator-dist-1.3.6/spinnerbank-api-internal-demo/, , Project: ProjectReference(file:/home/ferlinux/activator-dist-1.3.6/spinnerbank-api-internal-demo/,root))))
Sending msg to client play-fork-run-aaed8f2d-27b8-4ccc-a03e-ec80d9e8b9cb: TaskStarted(11,593,None)
Sending msg to client play-fork-run-aaed8f2d-27b8-4ccc-a03e-ec80d9e8b9cb: TaskStarted(11,601,None)
Sending msg to client play-fork-run-aaed8f2d-27b8-4ccc-a03e-ec80d9e8b9cb: TaskStarted(11,602,Some(AttributeKey[scala.collection.Seq[java.io.File]]("playMonitoredFiles") in Scope(Build: file:/home/ferlinux/activator-dist-1.3.6/spinnerbank-api-internal-demo/, , Project: ProjectReference(file:/home/ferlinux/activator-dist-1.3.6/spinnerbank-api-internal-demo/,root))))
Sending msg to client play-fork-run-aaed8f2d-27b8-4ccc-a03e-ec80d9e8b9cb: TaskFinished(11,590,Some(AttributeKey[sbt.UnresolvedWarningConfiguration]("unresolvedWarningConfiguration") in Scope(Build: file:/home/ferlinux/activator-dist-1.3.6/spinnerbank-api-internal-demo/, , Project: ProjectReference(file:/home/ferlinux/activator-dist-1.3.6/spinnerbank-api-internal-demo/,root), Task: AttributeKey[sbt.UpdateReport]("update"))),true,None)
Sending msg to client play-fork-run-aaed8f2d-27b8-4ccc-a03e-ec80d9e8b9cb: TaskFinished(11,574,Some(AttributeKey[scala.collection.Seq[sbt.ModuleID]]("projectDependencies") in Scope(Build: file:/home/ferlinux/activator-dist-1.3.6/spinnerbank-api-internal-demo/, , Project: ProjectReference(file:/home/ferlinux/activator-dist-1.3.6/spinnerbank-api-internal-demo/,root))),true,None)
Sending msg to client play-fork-run-aaed8f2d-27b8-4ccc-a03e-ec80d9e8b9cb: TaskStarted(11,573,Some(AttributeKey[scala.collection.Seq[sbt.ModuleID]]("allDependencies") in Scope(Build: file:/home/ferlinux/activator-dist-1.3.6/spinnerbank-api-internal-demo/, , Project: ProjectReference(file:/home/ferlinux/activator-dist-1.3.6/spinnerbank-api-internal-demo/,root))))
Sending msg to client play-fork-run-aaed8f2d-27b8-4ccc-a03e-ec80d9e8b9cb: TaskStarted(11,609,None)
Sending msg to client play-fork-run-aaed8f2d-27b8-4ccc-a03e-ec80d9e8b9cb: TaskStarted(11,610,None)
Sending msg to client play-fork-run-aaed8f2d-27b8-4ccc-a03e-ec80d9e8b9cb: TaskStarted(11,614,None)
Sending msg to client play-fork-run-aaed8f2d-27b8-4ccc-a03e-ec80d9e8b9cb: TaskStarted(11,615,None)
Sending msg to client play-fork-run-aaed8f2d-27b8-4ccc-a03e-ec80d9e8b9cb: TaskStarted(11,618,None)
Sending msg to client play-fork-run-aaed8f2d-27b8-4ccc-a03e-ec80d9e8b9cb: TaskStarted(11,619,None)
Sending msg to client play-fork-run-aaed8f2d-27b8-4ccc-a03e-ec80d9e8b9cb: TaskStarted(11,621,None)
Sending msg to client play-fork-run-aaed8f2d-27b8-4ccc-a03e-ec80d9e8b9cb: TaskStarted(11,622,None)
Sending msg to client play-fork-run-aaed8f2d-27b8-4ccc-a03e-ec80d9e8b9cb: TaskFinished(11,573,Some(AttributeKey[scala.collection.Seq[sbt.ModuleID]]("allDependencies") in Scope(Build: file:/home/ferlinux/activator-dist-1.3.6/spinnerbank-api-internal-demo/, , Project: ProjectReference(file:/home/ferlinux/activator-dist-1.3.6/spinnerbank-api-internal-demo/,root))),true,None)
Sending msg to client play-fork-run-aaed8f2d-27b8-4ccc-a03e-ec80d9e8b9cb: TaskStarted(11,572,Some(AttributeKey[sbt.ModuleSettings]("moduleSettings") in Scope(Build: file:/home/ferlinux/activator-dist-1.3.6/spinnerbank-api-internal-demo/, , Project: ProjectReference(file:/home/ferlinux/activator-dist-1.3.6/spinnerbank-api-internal-demo/,root))))
Sending msg to client play-fork-run-aaed8f2d-27b8-4ccc-a03e-ec80d9e8b9cb: TaskFinished(11,609,None,true,None)
Sending msg to client play-fork-run-aaed8f2d-27b8-4ccc-a03e-ec80d9e8b9cb: TaskStarted(11,608,None)
Sending msg to client play-fork-run-aaed8f2d-27b8-4ccc-a03e-ec80d9e8b9cb: TaskFinished(11,610,None,true,None)
Sending msg to client play-fork-run-aaed8f2d-27b8-4ccc-a03e-ec80d9e8b9cb: TaskFinished(11,593,None,true,None)
Sending msg to client play-fork-run-aaed8f2d-27b8-4ccc-a03e-ec80d9e8b9cb: TaskFinished(11,614,None,true,None)
Sending msg to client play-fork-run-aaed8f2d-27b8-4ccc-a03e-ec80d9e8b9cb: TaskFinished(11,615,None,true,None)
Sending msg to client play-fork-run-aaed8f2d-27b8-4ccc-a03e-ec80d9e8b9cb: TaskStarted(11,613,Some(AttributeKey[scala.collection.Seq[sbt.Attributed[java.io.File]]]("unmanagedJars") in Scope(Build: file:/home/ferlinux/activator-dist-1.3.6/spinnerbank-api-internal-demo/, , Project: ProjectReference(file:/home/ferlinux/activator-dist-1.3.6/spinnerbank-api-internal-demo/,root), Config: runtime)))
Sending msg to client play-fork-run-aaed8f2d-27b8-4ccc-a03e-ec80d9e8b9cb: TaskFinished(11,619,None,true,None)
Sending msg to client play-fork-run-aaed8f2d-27b8-4ccc-a03e-ec80d9e8b9cb: TaskFinished(11,621,None,true,None)
Sending msg to client play-fork-run-aaed8f2d-27b8-4ccc-a03e-ec80d9e8b9cb: TaskStarted(11,620,None)
Sending msg to client play-fork-run-aaed8f2d-27b8-4ccc-a03e-ec80d9e8b9cb: TaskFinished(11,618,None,true,None)
Sending msg to client play-fork-run-aaed8f2d-27b8-4ccc-a03e-ec80d9e8b9cb: TaskStarted(11,617,Some(AttributeKey[scala.collection.Seq[sbt.Attributed[java.io.File]]]("unmanagedJars") in Scope(Build: file:/home/ferlinux/activator-dist-1.3.6/spinnerbank-api-internal-demo/, , Project: ProjectReference(file:/home/ferlinux/activator-dist-1.3.6/spinnerbank-api-internal-demo/,root), Config: compile)))
Sending msg to client play-fork-run-aaed8f2d-27b8-4ccc-a03e-ec80d9e8b9cb: TaskFinished(11,622,None,true,None)
Sending msg to client play-fork-run-aaed8f2d-27b8-4ccc-a03e-ec80d9e8b9cb: TaskFinished(11,602,Some(AttributeKey[scala.collection.Seq[java.io.File]]("playMonitoredFiles") in Scope(Build: file:/home/ferlinux/activator-dist-1.3.6/spinnerbank-api-internal-demo/, , Project: ProjectReference(file:/home/ferlinux/activator-dist-1.3.6/spinnerbank-api-internal-demo/,root))),true,None)
Sending msg to client play-fork-run-aaed8f2d-27b8-4ccc-a03e-ec80d9e8b9cb: TaskFinished(11,572,Some(AttributeKey[sbt.ModuleSettings]("moduleSettings") in Scope(Build: file:/home/ferlinux/activator-dist-1.3.6/spinnerbank-api-internal-demo/, , Project: ProjectReference(file:/home/ferlinux/activator-dist-1.3.6/spinnerbank-api-internal-demo/,root))),true,None)
Sending msg to client play-fork-run-aaed8f2d-27b8-4ccc-a03e-ec80d9e8b9cb: TaskFinished(11,608,None,true,None)
Sending msg to client play-fork-run-aaed8f2d-27b8-4ccc-a03e-ec80d9e8b9cb: TaskFinished(11,583,Some(AttributeKey[scala.collection.immutable.Map[org.apache.ivy.core.module.id.ModuleRevisionId,org.apache.ivy.core.module.descriptor.ModuleDescriptor]]("projectDescriptors") in Scope(Build: file:/home/ferlinux/activator-dist-1.3.6/spinnerbank-api-internal-demo/, , Project: ProjectReference(file:/home/ferlinux/activator-dist-1.3.6/spinnerbank-api-internal-demo/,root))),true,None)
Sending msg to client play-fork-run-aaed8f2d-27b8-4ccc-a03e-ec80d9e8b9cb: TaskStarted(11,582,Some(AttributeKey[sbt.Resolver]("projectResolver") in Scope(Build: file:/home/ferlinux/activator-dist-1.3.6/spinnerbank-api-internal-demo/, , Project: ProjectReference(file:/home/ferlinux/activator-dist-1.3.6/spinnerbank-api-internal-demo/,root))))
Sending msg to client play-fork-run-aaed8f2d-27b8-4ccc-a03e-ec80d9e8b9cb: TaskFinished(11,613,Some(AttributeKey[scala.collection.Seq[sbt.Attributed[java.io.File]]]("unmanagedJars") in Scope(Build: file:/home/ferlinux/activator-dist-1.3.6/spinnerbank-api-internal-demo/, , Project: ProjectReference(file:/home/ferlinux/activator-dist-1.3.6/spinnerbank-api-internal-demo/,root), Config: runtime)),true,None)
Sending msg to client play-fork-run-aaed8f2d-27b8-4ccc-a03e-ec80d9e8b9cb: TaskStarted(11,623,None)
Sending msg to client play-fork-run-aaed8f2d-27b8-4ccc-a03e-ec80d9e8b9cb: TaskFinished(11,617,Some(AttributeKey[scala.collection.Seq[sbt.Attributed[java.io.File]]]("unmanagedJars") in Scope(Build: file:/home/ferlinux/activator-dist-1.3.6/spinnerbank-api-internal-demo/, , Project: ProjectReference(file:/home/ferlinux/activator-dist-1.3.6/spinnerbank-api-internal-demo/,root), Config: compile)),true,None)
Sending msg to client play-fork-run-aaed8f2d-27b8-4ccc-a03e-ec80d9e8b9cb: TaskFinished(11,582,Some(AttributeKey[sbt.Resolver]("projectResolver") in Scope(Build: file:/home/ferlinux/activator-dist-1.3.6/spinnerbank-api-internal-demo/, , Project: ProjectReference(file:/home/ferlinux/activator-dist-1.3.6/spinnerbank-api-internal-demo/,root))),true,None)
Sending msg to client play-fork-run-aaed8f2d-27b8-4ccc-a03e-ec80d9e8b9cb: TaskStarted(11,581,Some(AttributeKey[scala.collection.Seq[sbt.Resolver]]("fullResolvers") in Scope(Build: file:/home/ferlinux/activator-dist-1.3.6/spinnerbank-api-internal-demo/, , Project: ProjectReference(file:/home/ferlinux/activator-dist-1.3.6/spinnerbank-api-internal-demo/,root))))
Sending msg to client play-fork-run-aaed8f2d-27b8-4ccc-a03e-ec80d9e8b9cb: TaskFinished(11,623,None,true,None)
Sending msg to client play-fork-run-aaed8f2d-27b8-4ccc-a03e-ec80d9e8b9cb: TaskFinished(11,620,None,true,None)
Sending msg to client play-fork-run-aaed8f2d-27b8-4ccc-a03e-ec80d9e8b9cb: TaskStarted(11,616,Some(AttributeKey[scala.collection.Seq[sbt.Attributed[java.io.File]]]("unmanagedJars") in Scope(Build: file:/home/ferlinux/activator-dist-1.3.6/spinnerbank-api-internal-demo/, , Project: ProjectReference(file:/home/ferlinux/activator-dist-1.3.6/spinnerbank-api-internal-demo/,root), Config: compile)))
Sending msg to client play-fork-run-aaed8f2d-27b8-4ccc-a03e-ec80d9e8b9cb: TaskFinished(11,581,Some(AttributeKey[scala.collection.Seq[sbt.Resolver]]("fullResolvers") in Scope(Build: file:/home/ferlinux/activator-dist-1.3.6/spinnerbank-api-internal-demo/, , Project: ProjectReference(file:/home/ferlinux/activator-dist-1.3.6/spinnerbank-api-internal-demo/,root))),true,None)
Sending msg to client play-fork-run-aaed8f2d-27b8-4ccc-a03e-ec80d9e8b9cb: TaskStarted(11,579,Some(AttributeKey[sbt.IvyConfiguration]("ivyConfiguration") in Scope(Build: file:/home/ferlinux/activator-dist-1.3.6/spinnerbank-api-internal-demo/, , Project: ProjectReference(file:/home/ferlinux/activator-dist-1.3.6/spinnerbank-api-internal-demo/,root))))
Sending msg to client play-fork-run-aaed8f2d-27b8-4ccc-a03e-ec80d9e8b9cb: TaskFinished(11,616,Some(AttributeKey[scala.collection.Seq[sbt.Attributed[java.io.File]]]("unmanagedJars") in Scope(Build: file:/home/ferlinux/activator-dist-1.3.6/spinnerbank-api-internal-demo/, , Project: ProjectReference(file:/home/ferlinux/activator-dist-1.3.6/spinnerbank-api-internal-demo/,root), Config: compile)),true,None)
Sending msg to client play-fork-run-aaed8f2d-27b8-4ccc-a03e-ec80d9e8b9cb: TaskStarted(11,612,None)
Sending msg to client play-fork-run-aaed8f2d-27b8-4ccc-a03e-ec80d9e8b9cb: TaskFinished(11,579,Some(AttributeKey[sbt.IvyConfiguration]("ivyConfiguration") in Scope(Build: file:/home/ferlinux/activator-dist-1.3.6/spinnerbank-api-internal-demo/, , Project: ProjectReference(file:/home/ferlinux/activator-dist-1.3.6/spinnerbank-api-internal-demo/,root))),true,None)
Sending msg to client play-fork-run-aaed8f2d-27b8-4ccc-a03e-ec80d9e8b9cb: TaskStarted(11,578,Some(AttributeKey[sbt.IvySbt]("ivySbt") in Scope(Build: file:/home/ferlinux/activator-dist-1.3.6/spinnerbank-api-internal-demo/, , Project: ProjectReference(file:/home/ferlinux/activator-dist-1.3.6/spinnerbank-api-internal-demo/,root))))
Sending msg to client play-fork-run-aaed8f2d-27b8-4ccc-a03e-ec80d9e8b9cb: TaskFinished(11,612,None,true,None)
Sending msg to client play-fork-run-aaed8f2d-27b8-4ccc-a03e-ec80d9e8b9cb: TaskStarted(11,611,None)
Sending msg to client play-fork-run-aaed8f2d-27b8-4ccc-a03e-ec80d9e8b9cb: TaskFinished(11,578,Some(AttributeKey[sbt.IvySbt]("ivySbt") in Scope(Build: file:/home/ferlinux/activator-dist-1.3.6/spinnerbank-api-internal-demo/, , Project: ProjectReference(file:/home/ferlinux/activator-dist-1.3.6/spinnerbank-api-internal-demo/,root))),true,None)
Sending msg to client play-fork-run-aaed8f2d-27b8-4ccc-a03e-ec80d9e8b9cb: TaskStarted(11,571,Some(AttributeKey[sbt.IvySbt$Module]("ivyModule") in Scope(Build: file:/home/ferlinux/activator-dist-1.3.6/spinnerbank-api-internal-demo/, , Project: ProjectReference(file:/home/ferlinux/activator-dist-1.3.6/spinnerbank-api-internal-demo/,root))))
Sending msg to client play-fork-run-aaed8f2d-27b8-4ccc-a03e-ec80d9e8b9cb: TaskFinished(11,611,None,true,None)
Sending msg to client play-fork-run-aaed8f2d-27b8-4ccc-a03e-ec80d9e8b9cb: TaskFinished(11,601,None,true,None)
Sending msg to client play-fork-run-aaed8f2d-27b8-4ccc-a03e-ec80d9e8b9cb: TaskStarted(11,599,Some(AttributeKey[scala.collection.Seq[sbt.Attributed[java.io.File]]]("unmanagedClasspath") in Scope(Build: file:/home/ferlinux/activator-dist-1.3.6/spinnerbank-api-internal-demo/, , Project: ProjectReference(file:/home/ferlinux/activator-dist-1.3.6/spinnerbank-api-internal-demo/,root), Config: runtime)))
Sending msg to client play-fork-run-aaed8f2d-27b8-4ccc-a03e-ec80d9e8b9cb: TaskFinished(11,571,Some(AttributeKey[sbt.IvySbt$Module]("ivyModule") in Scope(Build: file:/home/ferlinux/activator-dist-1.3.6/spinnerbank-api-internal-demo/, , Project: ProjectReference(file:/home/ferlinux/activator-dist-1.3.6/spinnerbank-api-internal-demo/,root))),true,None)
Sending msg to client play-fork-run-aaed8f2d-27b8-4ccc-a03e-ec80d9e8b9cb: TaskStarted(11,567,Some(AttributeKey[sbt.UpdateReport]("update") in Scope(Build: file:/home/ferlinux/activator-dist-1.3.6/spinnerbank-api-internal-demo/, , Project: ProjectReference(file:/home/ferlinux/activator-dist-1.3.6/spinnerbank-api-internal-demo/,root))))
Sending msg to client play-fork-run-aaed8f2d-27b8-4ccc-a03e-ec80d9e8b9cb: TaskFinished(11,599,Some(AttributeKey[scala.collection.Seq[sbt.Attributed[java.io.File]]]("unmanagedClasspath") in Scope(Build: file:/home/ferlinux/activator-dist-1.3.6/spinnerbank-api-internal-demo/, , Project: ProjectReference(file:/home/ferlinux/activator-dist-1.3.6/spinnerbank-api-internal-demo/,root), Config: runtime)),true,None)
Sending msg to client play-fork-run-aaed8f2d-27b8-4ccc-a03e-ec80d9e8b9cb: TaskFinished(11,567,Some(AttributeKey[sbt.UpdateReport]("update") in Scope(Build: file:/home/ferlinux/activator-dist-1.3.6/spinnerbank-api-internal-demo/, , Project: ProjectReference(file:/home/ferlinux/activator-dist-1.3.6/spinnerbank-api-internal-demo/,root))),true,None)
Sending msg to client play-fork-run-aaed8f2d-27b8-4ccc-a03e-ec80d9e8b9cb: TaskStarted(11,566,Some(AttributeKey[sbt.UpdateReport]("update") in Scope(Build: file:/home/ferlinux/activator-dist-1.3.6/spinnerbank-api-internal-demo/, , Project: ProjectReference(file:/home/ferlinux/activator-dist-1.3.6/spinnerbank-api-internal-demo/,root))))
Sending msg to client play-fork-run-aaed8f2d-27b8-4ccc-a03e-ec80d9e8b9cb: TaskFinished(11,566,Some(AttributeKey[sbt.UpdateReport]("update") in Scope(Build: file:/home/ferlinux/activator-dist-1.3.6/spinnerbank-api-internal-demo/, , Project: ProjectReference(file:/home/ferlinux/activator-dist-1.3.6/spinnerbank-api-internal-demo/,root))),true,None)
Sending msg to client play-fork-run-aaed8f2d-27b8-4ccc-a03e-ec80d9e8b9cb: TaskStarted(11,564,Some(AttributeKey[sbt.Configuration]("classpathConfiguration") in Scope(Build: file:/home/ferlinux/activator-dist-1.3.6/spinnerbank-api-internal-demo/, , Project: ProjectReference(file:/home/ferlinux/activator-dist-1.3.6/spinnerbank-api-internal-demo/,root), Config: compile)))
Sending msg to client play-fork-run-aaed8f2d-27b8-4ccc-a03e-ec80d9e8b9cb: TaskStarted(11,605,Some(AttributeKey[scala.collection.Seq[sbt.Attributed[java.io.File]]]("managedClasspath") in Scope(Build: file:/home/ferlinux/activator-dist-1.3.6/spinnerbank-api-internal-demo/, , Project: ProjectReference(file:/home/ferlinux/activator-dist-1.3.6/spinnerbank-api-internal-demo/,root), Config: docs)))
Sending msg to client play-fork-run-aaed8f2d-27b8-4ccc-a03e-ec80d9e8b9cb: TaskFinished(11,605,Some(AttributeKey[scala.collection.Seq[sbt.Attributed[java.io.File]]]("managedClasspath") in Scope(Build: file:/home/ferlinux/activator-dist-1.3.6/spinnerbank-api-internal-demo/, , Project: ProjectReference(file:/home/ferlinux/activator-dist-1.3.6/spinnerbank-api-internal-demo/,root), Config: docs)),true,None)
Sending msg to client play-fork-run-aaed8f2d-27b8-4ccc-a03e-ec80d9e8b9cb: TaskStarted(11,604,Some(AttributeKey[scala.Option[java.io.File]]("playDocsJar") in Scope(Build: file:/home/ferlinux/activator-dist-1.3.6/spinnerbank-api-internal-demo/, , Project: ProjectReference(file:/home/ferlinux/activator-dist-1.3.6/spinnerbank-api-internal-demo/,root))))
Sending msg to client play-fork-run-aaed8f2d-27b8-4ccc-a03e-ec80d9e8b9cb: TaskFinished(11,564,Some(AttributeKey[sbt.Configuration]("classpathConfiguration") in Scope(Build: file:/home/ferlinux/activator-dist-1.3.6/spinnerbank-api-internal-demo/, , Project: ProjectReference(file:/home/ferlinux/activator-dist-1.3.6/spinnerbank-api-internal-demo/,root), Config: compile)),true,None)
Sending msg to client play-fork-run-aaed8f2d-27b8-4ccc-a03e-ec80d9e8b9cb: TaskStarted(11,563,None)
Sending msg to client play-fork-run-aaed8f2d-27b8-4ccc-a03e-ec80d9e8b9cb: TaskFinished(11,563,None,true,None)
Sending msg to client play-fork-run-aaed8f2d-27b8-4ccc-a03e-ec80d9e8b9cb: TaskStarted(11,562,Some(AttributeKey[sbt.Configuration]("classpathConfiguration") in Scope(Build: file:/home/ferlinux/activator-dist-1.3.6/spinnerbank-api-internal-demo/, , Project: ProjectReference(file:/home/ferlinux/activator-dist-1.3.6/spinnerbank-api-internal-demo/,root), Config: runtime)))
Sending msg to client play-fork-run-aaed8f2d-27b8-4ccc-a03e-ec80d9e8b9cb: TaskFinished(11,604,Some(AttributeKey[scala.Option[java.io.File]]("playDocsJar") in Scope(Build: file:/home/ferlinux/activator-dist-1.3.6/spinnerbank-api-internal-demo/, , Project: ProjectReference(file:/home/ferlinux/activator-dist-1.3.6/spinnerbank-api-internal-demo/,root))),true,None)
Sending msg to client play-fork-run-aaed8f2d-27b8-4ccc-a03e-ec80d9e8b9cb: TaskFinished(11,562,Some(AttributeKey[sbt.Configuration]("classpathConfiguration") in Scope(Build: file:/home/ferlinux/activator-dist-1.3.6/spinnerbank-api-internal-demo/, , Project: ProjectReference(file:/home/ferlinux/activator-dist-1.3.6/spinnerbank-api-internal-demo/,root), Config: runtime)),true,None)
Sending msg to client play-fork-run-aaed8f2d-27b8-4ccc-a03e-ec80d9e8b9cb: TaskStarted(11,561,None)
Sending msg to client play-fork-run-aaed8f2d-27b8-4ccc-a03e-ec80d9e8b9cb: TaskFinished(11,561,None,true,None)
Sending msg to client play-fork-run-aaed8f2d-27b8-4ccc-a03e-ec80d9e8b9cb: TaskStarted(11,559,Some(AttributeKey[scala.collection.Seq[sbt.Attributed[java.io.File]]]("managedClasspath") in Scope(Build: file:/home/ferlinux/activator-dist-1.3.6/spinnerbank-api-internal-demo/, , Project: ProjectReference(file:/home/ferlinux/activator-dist-1.3.6/spinnerbank-api-internal-demo/,root), Config: runtime)))
Sending msg to client play-fork-run-aaed8f2d-27b8-4ccc-a03e-ec80d9e8b9cb: TaskFinished(11,559,Some(AttributeKey[scala.collection.Seq[sbt.Attributed[java.io.File]]]("managedClasspath") in Scope(Build: file:/home/ferlinux/activator-dist-1.3.6/spinnerbank-api-internal-demo/, , Project: ProjectReference(file:/home/ferlinux/activator-dist-1.3.6/spinnerbank-api-internal-demo/,root), Config: runtime)),true,None)
Sending msg to client play-fork-run-aaed8f2d-27b8-4ccc-a03e-ec80d9e8b9cb: TaskStarted(11,558,None)
Sending msg to client play-fork-run-aaed8f2d-27b8-4ccc-a03e-ec80d9e8b9cb: TaskFinished(11,558,None,true,None)
Sending msg to client play-fork-run-aaed8f2d-27b8-4ccc-a03e-ec80d9e8b9cb: TaskStarted(11,555,Some(AttributeKey[scala.collection.Seq[sbt.Attributed[java.io.File]]]("playDependencyClasspath") in Scope(Build: file:/home/ferlinux/activator-dist-1.3.6/spinnerbank-api-internal-demo/, , Project: ProjectReference(file:/home/ferlinux/activator-dist-1.3.6/spinnerbank-api-internal-demo/,root))))
Sending msg to client play-fork-run-aaed8f2d-27b8-4ccc-a03e-ec80d9e8b9cb: TaskFinished(11,555,Some(AttributeKey[scala.collection.Seq[sbt.Attributed[java.io.File]]]("playDependencyClasspath") in Scope(Build: file:/home/ferlinux/activator-dist-1.3.6/spinnerbank-api-internal-demo/, , Project: ProjectReference(file:/home/ferlinux/activator-dist-1.3.6/spinnerbank-api-internal-demo/,root))),true,None)
Sending msg to client play-fork-run-aaed8f2d-27b8-4ccc-a03e-ec80d9e8b9cb: TaskStarted(11,552,Some(AttributeKey[play.forkrun.protocol.ForkConfig]("playForkConfig") in Scope(Build: file:/home/ferlinux/activator-dist-1.3.6/spinnerbank-api-internal-demo/, , Project: ProjectReference(file:/home/ferlinux/activator-dist-1.3.6/spinnerbank-api-internal-demo/,root))))
Sending msg to client play-fork-run-aaed8f2d-27b8-4ccc-a03e-ec80d9e8b9cb: TaskFinished(11,552,Some(AttributeKey[play.forkrun.protocol.ForkConfig]("playForkConfig") in Scope(Build: file:/home/ferlinux/activator-dist-1.3.6/spinnerbank-api-internal-demo/, , Project: ProjectReference(file:/home/ferlinux/activator-dist-1.3.6/spinnerbank-api-internal-demo/,root))),true,None)
Sending msg to client play-fork-run-aaed8f2d-27b8-4ccc-a03e-ec80d9e8b9cb: ValueChanged(AttributeKey[play.forkrun.protocol.ForkConfig]("playForkConfig") in Scope(Build: file:/home/ferlinux/activator-dist-1.3.6/spinnerbank-api-internal-demo/, , Project: ProjectReference(file:/home/ferlinux/activator-dist-1.3.6/spinnerbank-api-internal-demo/,root)),TaskSuccess(BuildValue(LazyValue(ForkConfig(/home/ferlinux/activator-dist-1.3.6/spinnerbank-api-internal-demo,List(),List(/home/ferlinux/activator-dist-1.3.6/repository/org.scala-lang/scala-library/2.11.6/jars/scala-library.jar, /home/ferlinux/activator-dist-1.3.6/repository/com.typesafe.play/twirl-api_2.11/1.1.1/jars/twirl-api_2.11.jar, /home/ferlinux/activator-dist-1.3.6/repository/org.apache.commons/commons-lang3/3.4/jars/commons-lang3.jar, /home/ferlinux/.ivy2/cache/com.typesafe.play/play-server_2.11/jars/play-server_2.11-2.4.3.jar, /home/ferlinux/.ivy2/cache/com.typesafe.play/play_2.11/jars/play_2.11-2.4.3.jar, /home/ferlinux/.ivy2/cache/com.typesafe.play/build-link/jars/build-link-2.4.3.jar, /home/ferlinux/.ivy2/cache/com.typesafe.play/play-exceptions/jars/play-exceptions-2.4.3.jar, /home/ferlinux/activator-dist-1.3.6/repository/org.javassist/javassist/3.19.0-GA/bundles/javassist.jar, /home/ferlinux/.ivy2/cache/com.typesafe.play/play-iteratees_2.11/jars/play-iteratees_2.11-2.4.3.jar, /home/ferlinux/.ivy2/cache/org.scala-stm/scala-stm_2.11/jars/scala-stm_2.11-0.7.jar, /home/ferlinux/activator-dist-1.3.6/repository/com.typesafe/config/1.3.0/bundles/config.jar, /home/ferlinux/.ivy2/cache/com.typesafe.play/play-json_2.11/jars/play-json_2.11-2.4.3.jar, /home/ferlinux/.ivy2/cache/com.typesafe.play/play-functional_2.11/jars/play-functional_2.11-2.4.3.jar, /home/ferlinux/.ivy2/cache/com.typesafe.play/play-datacommons_2.11/jars/play-datacommons_2.11-2.4.3.jar, /home/ferlinux/activator-dist-1.3.6/repository/joda-time/joda-time/2.8.1/jars/joda-time.jar, /home/ferlinux/activator-dist-1.3.6/repository/org.joda/joda-convert/1.7/jars/joda-convert.jar, /home/ferlinux/.ivy2/cache/org.scala-lang/scala-reflect/jars/scala-reflect-2.11.6.jar, /home/ferlinux/activator-dist-1.3.6/repository/com.fasterxml.jackson.core/jackson-core/2.5.4/bundles/jackson-core.jar, /home/ferlinux/activator-dist-1.3.6/repository/com.fasterxml.jackson.core/jackson-annotations/2.5.4/bundles/jackson-annotations.jar, /home/ferlinux/activator-dist-1.3.6/repository/com.fasterxml.jackson.core/jackson-databind/2.5.4/bundles/jackson-databind.jar, /home/ferlinux/activator-dist-1.3.6/repository/com.fasterxml.jackson.datatype/jackson-datatype-jdk8/2.5.4/bundles/jackson-datatype-jdk8.jar, /home/ferlinux/activator-dist-1.3.6/repository/com.fasterxml.jackson.datatype/jackson-datatype-jsr310/2.5.4/bundles/jackson-datatype-jsr310.jar, /home/ferlinux/.ivy2/cache/com.typesafe.play/play-netty-utils/jars/play-netty-utils-2.4.3.jar, /home/ferlinux/activator-dist-1.3.6/repository/org.slf4j/slf4j-api/1.7.12/jars/slf4j-api.jar, /home/ferlinux/activator-dist-1.3.6/repository/org.slf4j/jul-to-slf4j/1.7.12/jars/jul-to-slf4j.jar, /home/ferlinux/activator-dist-1.3.6/repository/org.slf4j/jcl-over-slf4j/1.7.12/jars/jcl-over-slf4j.jar, /home/ferlinux/activator-dist-1.3.6/repository/ch.qos.logback/logback-core/1.1.3/jars/logback-core.jar, /home/ferlinux/activator-dist-1.3.6/repository/ch.qos.logback/logback-classic/1.1.3/jars/logback-classic.jar, /home/ferlinux/.ivy2/cache/com.typesafe.akka/akka-actor_2.11/jars/akka-actor_2.11-2.3.13.jar, /home/ferlinux/.ivy2/cache/com.typesafe.akka/akka-slf4j_2.11/jars/akka-slf4j_2.11-2.3.13.jar, /home/ferlinux/activator-dist-1.3.6/repository/commons-codec/commons-codec/1.10/jars/commons-codec.jar, /home/ferlinux/.ivy2/cache/xerces/xercesImpl/jars/xercesImpl-2.11.0.jar, /home/ferlinux/.ivy2/cache/xml-apis/xml-apis/jars/xml-apis-1.4.01.jar, /home/ferlinux/.ivy2/cache/javax.transaction/jta/jars/jta-1.1.jar, /home/ferlinux/activator-dist-1.3.6/repository/com.google.inject/guice/4.0/jars/guice.jar, /home/ferlinux/activator-dist-1.3.6/repository/javax.inject/javax.inject/1/jars/javax.inject.jar, /home/ferlinux/activator-dist-1.3.6/repository/aopalliance/aopalliance/1.0/jars/aopalliance.jar, /home/ferlinux/activator-dist-1.3.6/repository/com.google.inject.extensions/guice-assistedinject/4.0/jars/guice-assistedinject.jar, /home/ferlinux/.ivy2/cache/com.typesafe.play/play-netty-server_2.11/jars/play-netty-server_2.11-2.4.3.jar, /home/ferlinux/.ivy2/cache/io.netty/netty/bundles/netty-3.10.4.Final.jar, /home/ferlinux/activator-dist-1.3.6/repository/com.typesafe.netty/netty-http-pipelining/1.1.4/jars/netty-http-pipelining.jar, /home/ferlinux/.ivy2/cache/com.typesafe.play/play-jdbc_2.11/jars/play-jdbc_2.11-2.4.3.jar, /home/ferlinux/.ivy2/cache/com.typesafe.play/play-jdbc-api_2.11/jars/play-jdbc-api_2.11-2.4.3.jar, /home/ferlinux/activator-dist-1.3.6/repository/com.jolbox/bonecp/0.8.0.RELEASE/bundles/bonecp.jar, /home/ferlinux/activator-dist-1.3.6/repository/com.zaxxer/HikariCP/2.3.7/bundles/HikariCP.jar, /home/ferlinux/activator-dist-1.3.6/repository/com.h2database/h2/1.4.187/jars/h2.jar, /home/ferlinux/activator-dist-1.3.6/repository/tyrex/tyrex/1.0.1/jars/tyrex.jar, /home/ferlinux/.ivy2/cache/com.typesafe.play/play-cache_2.11/jars/play-cache_2.11-2.4.3.jar, /home/ferlinux/activator-dist-1.3.6/repository/net.sf.ehcache/ehcache-core/2.6.11/jars/ehcache-core.jar, /home/ferlinux/.ivy2/cache/com.typesafe.play/play-ws_2.11/jars/play-ws_2.11-2.4.3.jar, /home/ferlinux/activator-dist-1.3.6/repository/com.google.guava/guava/18.0/bundles/guava.jar, /home/ferlinux/activator-dist-1.3.6/repository/com.ning/async-http-client/1.9.21/jars/async-http-client.jar, /home/ferlinux/.ivy2/cache/oauth.signpost/signpost-core/jars/signpost-core-1.2.1.2.jar, /home/ferlinux/.ivy2/cache/oauth.signpost/signpost-commonshttp4/jars/signpost-commonshttp4-1.2.1.2.jar, /home/ferlinux/activator-dist-1.3.6/repository/org.apache.httpcomponents/httpcore/4.0.1/jars/httpcore.jar, /home/ferlinux/activator-dist-1.3.6/repository/org.apache.httpcomponents/httpclient/4.0.1/jars/httpclient.jar, /home/ferlinux/.ivy2/cache/commons-logging/commons-logging/jars/commons-logging-1.1.1.jar, /home/ferlinux/.ivy2/cache/org.reactivemongo/play2-reactivemongo_2.11/jars/play2-reactivemongo_2.11-0.11.0.play24.jar, /home/ferlinux/.ivy2/cache/org.reactivemongo/reactivemongo_2.11/jars/reactivemongo_2.11-0.11.0.jar, /home/ferlinux/.ivy2/cache/org.reactivemongo/reactivemongo-bson-macros_2.11/jars/reactivemongo-bson-macros_2.11-0.11.0.jar, /home/ferlinux/.ivy2/cache/org.scala-lang/scala-compiler/jars/scala-compiler-2.11.6.jar, /home/ferlinux/.ivy2/cache/org.scala-lang.modules/scala-xml_2.11/bundles/scala-xml_2.11-1.0.3.jar, /home/ferlinux/activator-dist-1.3.6/repository/org.scala-lang.modules/scala-parser-combinators_2.11/1.0.3/bundles/scala-parser-combinators_2.11.jar, /home/ferlinux/.ivy2/cache/org.reactivemongo/reactivemongo-bson_2.11/jars/reactivemongo-bson_2.11-0.11.0.jar, /home/ferlinux/.ivy2/cache/org.apache.logging.log4j/log4j-api/jars/log4j-api-2.0.2.jar, /home/ferlinux/.ivy2/cache/org.apache.logging.log4j/log4j-core/jars/log4j-core-2.0.2.jar, /home/ferlinux/.ivy2/cache/org.apache.logging.log4j/log4j-to-slf4j/jars/log4j-to-slf4j-2.0.2.jar),List((public/,/home/ferlinux/activator-dist-1.3.6/spinnerbank-api-internal-demo/target/web/public/main)),List(/home/ferlinux/.ivy2/cache/com.typesafe.play/play-omnidoc_2.11/jars/play-omnidoc_2.11-2.4.3.jar, /home/ferlinux/activator-dist-1.3.6/repository/org.scala-lang/scala-library/2.11.6/jars/scala-library.jar, /home/ferlinux/.ivy2/cache/com.typesafe.play/play-docs_2.11/jars/play-docs_2.11-2.4.3.jar, /home/ferlinux/.ivy2/cache/com.typesafe.play/play-netty-server_2.11/jars/play-netty-server_2.11-2.4.3.jar, /home/ferlinux/.ivy2/cache/com.typesafe.play/play-server_2.11/jars/play-server_2.11-2.4.3.jar, /home/ferlinux/.ivy2/cache/com.typesafe.play/play_2.11/jars/play_2.11-2.4.3.jar, /home/ferlinux/.ivy2/cache/com.typesafe.play/build-link/jars/build-link-2.4.3.jar, /home/ferlinux/.ivy2/cache/com.typesafe.play/play-exceptions/jars/play-exceptions-2.4.3.jar, /home/ferlinux/activator-dist-1.3.6/repository/org.javassist/javassist/3.19.0-GA/bundles/javassist.jar, /home/ferlinux/.ivy2/cache/com.typesafe.play/play-iteratees_2.11/jars/play-iteratees_2.11-2.4.3.jar, /home/ferlinux/.ivy2/cache/org.scala-stm/scala-stm_2.11/jars/scala-stm_2.11-0.7.jar, /home/ferlinux/activator-dist-1.3.6/repository/com.typesafe/config/1.3.0/bundles/config.jar, /home/ferlinux/.ivy2/cache/com.typesafe.play/play-json_2.11/jars/play-json_2.11-2.4.3.jar, /home/ferlinux/.ivy2/cache/com.typesafe.play/play-functional_2.11/jars/play-functional_2.11-2.4.3.jar, /home/ferlinux/.ivy2/cache/com.typesafe.play/play-datacommons_2.11/jars/play-datacommons_2.11-2.4.3.jar, /home/ferlinux/activator-dist-1.3.6/repository/joda-time/joda-time/2.8.1/jars/joda-time.jar, /home/ferlinux/activator-dist-1.3.6/repository/org.joda/joda-convert/1.7/jars/joda-convert.jar, /home/ferlinux/.ivy2/cache/org.scala-lang/scala-reflect/jars/scala-reflect-2.11.6.jar, /home/ferlinux/activator-dist-1.3.6/repository/com.fasterxml.jackson.core/jackson-core/2.5.4/bundles/jackson-core.jar, /home/ferlinux/activator-dist-1.3.6/repository/com.fasterxml.jackson.core/jackson-annotations/2.5.4/bundles/jackson-annotations.jar, /home/ferlinux/activator-dist-1.3.6/repository/com.fasterxml.jackson.core/jackson-databind/2.5.4/bundles/jackson-databind.jar, /home/ferlinux/activator-dist-1.3.6/repository/com.fasterxml.jackson.datatype/jackson-datatype-jdk8/2.5.4/bundles/jackson-datatype-jdk8.jar, /home/ferlinux/activator-dist-1.3.6/repository/com.fasterxml.jackson.datatype/jackson-datatype-jsr310/2.5.4/bundles/jackson-datatype-jsr310.jar, /home/ferlinux/.ivy2/cache/com.typesafe.play/play-netty-utils/jars/play-netty-utils-2.4.3.jar, /home/ferlinux/activator-dist-1.3.6/repository/org.slf4j/slf4j-api/1.7.12/jars/slf4j-api.jar, /home/ferlinux/activator-dist-1.3.6/repository/org.slf4j/jul-to-slf4j/1.7.12/jars/jul-to-slf4j.jar, /home/ferlinux/activator-dist-1.3.6/repository/org.slf4j/jcl-over-slf4j/1.7.12/jars/jcl-over-slf4j.jar, /home/ferlinux/activator-dist-1.3.6/repository/com.typesafe.play/twirl-api_2.11/1.1.1/jars/twirl-api_2.11.jar, /home/ferlinux/activator-dist-1.3.6/repository/org.apache.commons/commons-lang3/3.4/jars/commons-lang3.jar, /home/ferlinux/.ivy2/cache/org.scala-lang.modules/scala-xml_2.11/bundles/scala-xml_2.11-1.0.1.jar, /home/ferlinux/.ivy2/cache/org.scala-lang.modules/scala-parser-combinators_2.11/bundles/scala-parser-combinators_2.11-1.0.1.jar, /home/ferlinux/activator-dist-1.3.6/repository/ch.qos.logback/logback-core/1.1.3/jars/logback-core.jar, /home/ferlinux/activator-dist-1.3.6/repository/ch.qos.logback/logback-classic/1.1.3/jars/logback-classic.jar, /home/ferlinux/.ivy2/cache/com.typesafe.akka/akka-actor_2.11/jars/akka-actor_2.11-2.3.13.jar, /home/ferlinux/.ivy2/cache/com.typesafe.akka/akka-slf4j_2.11/jars/akka-slf4j_2.11-2.3.13.jar, /home/ferlinux/activator-dist-1.3.6/repository/commons-codec/commons-codec/1.10/jars/commons-codec.jar, /home/ferlinux/.ivy2/cache/xerces/xercesImpl/jars/xercesImpl-2.11.0.jar, /home/ferlinux/.ivy2/cache/xml-apis/xml-apis/jars/xml-apis-1.4.01.jar, /home/ferlinux/.ivy2/cache/javax.transaction/jta/jars/jta-1.1.jar, /home/ferlinux/activator-dist-1.3.6/repository/com.google.inject/guice/4.0/jars/guice.jar, /home/ferlinux/activator-dist-1.3.6/repository/javax.inject/javax.inject/1/jars/javax.inject.jar, /home/ferlinux/activator-dist-1.3.6/repository/aopalliance/aopalliance/1.0/jars/aopalliance.jar, /home/ferlinux/.ivy2/cache/com.google.guava/guava/bundles/guava-16.0.1.jar, /home/ferlinux/activator-dist-1.3.6/repository/com.google.inject.extensions/guice-assistedinject/4.0/jars/guice-assistedinject.jar, /home/ferlinux/.ivy2/cache/io.netty/netty/bundles/netty-3.10.4.Final.jar, /home/ferlinux/activator-dist-1.3.6/repository/com.typesafe.netty/netty-http-pipelining/1.1.4/jars/netty-http-pipelining.jar, /home/ferlinux/activator-dist-1.3.6/repository/com.typesafe.play/play-doc_2.11/1.2.2/jars/play-doc_2.11.jar, /home/ferlinux/activator-dist-1.3.6/repository/org.pegdown/pegdown/1.4.0/jars/pegdown.jar, /home/ferlinux/activator-dist-1.3.6/repository/org.parboiled/parboiled-java/1.1.5/bundles/parboiled-java.jar, /home/ferlinux/activator-dist-1.3.6/repository/org.parboiled/parboiled-core/1.1.5/bundles/parboiled-core.jar, /home/ferlinux/activator-dist-1.3.6/repository/org.ow2.asm/asm/4.1/jars/asm.jar, /home/ferlinux/activator-dist-1.3.6/repository/org.ow2.asm/asm-tree/4.1/jars/asm-tree.jar, /home/ferlinux/activator-dist-1.3.6/repository/org.ow2.asm/asm-analysis/4.1/jars/asm-analysis.jar, /home/ferlinux/activator-dist-1.3.6/repository/org.ow2.asm/asm-util/4.1/jars/asm-util.jar, /home/ferlinux/activator-dist-1.3.6/repository/commons-io/commons-io/2.4/jars/commons-io.jar),Some(/home/ferlinux/.ivy2/cache/com.typesafe.play/play-omnidoc_2.11/jars/play-omnidoc_2.11-2.4.3.jar),List(),9000,0.0.0.0,DefaultWatchService,List(/home/ferlinux/activator-dist-1.3.6/spinnerbank-api-internal-demo/public, /home/ferlinux/activator-dist-1.3.6/spinnerbank-api-internal-demo/conf, /home/ferlinux/activator-dist-1.3.6/spinnerbank-api-internal-demo/app),/home/ferlinux/activator-dist-1.3.6/spinnerbank-api-internal-demo/target,500,root/playForkNotifyStart,root/playForkReload,300000,play.core.server.DevServerStart),scala.pickling.PicklerUnpickler$DelegatingPicklerUnpickler@6bb982b3),ForkConfig(/home/ferlinux/activator-dist-1.3.6/spinnerbank-api-internal-demo,List(),List(/home/ferlinux/activator-dist-1.3.6/repository/org.scala-lang/scala-library/2.11.6/jars/scala-library.jar, /home/ferlinux/activator-dist-1.3.6/repository/com.typesafe.play/twirl-api_2.11/1.1.1/jars/twirl-api_2.11.jar, /home/ferlinux/activator-dist-1.3.6/repository/org.apache.commons/commons-lang3/3.4/jars/commons-lang3.jar, /home/ferlinux/.ivy2/cache/com.typesafe.play/play-server_2.11/jars/play-server_2.11-2.4.3.jar, /home/ferlinux/.ivy2/cache/com.typesafe.play/play_2.11/jars/play_2.11-2.4.3.jar, /home/ferlinux/.ivy2/cache/com.typesafe.play/build-link/jars/build-link-2.4.3.jar, /home/ferlinux/.ivy2/cache/com.typesafe.play/play-exceptions/jars/play-exceptions-2.4.3.jar, /home/ferlinux/activator-dist-1.3.6/repository/org.javassist/javassist/3.19.0-GA/bundles/javassist.jar, /home/ferlinux/.ivy2/cache/com.typesafe.play/play-iteratees_2.11/jars/play-iteratees_2.11-2.4.3.jar, /home/ferlinux/.ivy2/cache/org.scala-stm/scala-stm_2.11/jars/scala-stm_2.11-0.7.jar, /home/ferlinux/activator-dist-1.3.6/repository/com.typesafe/config/1.3.0/bundles/config.jar, /home/ferlinux/.ivy2/cache/com.typesafe.play/play-json_2.11/jars/play-json_2.11-2.4.3.jar, /home/ferlinux/.ivy2/cache/com.typesafe.play/play-functional_2.11/jars/play-functional_2.11-2.4.3.jar, /home/ferlinux/.ivy2/cache/com.typesafe.play/play-datacommons_2.11/jars/play-datacommons_2.11-2.4.3.jar, /home/ferlinux/activator-dist-1.3.6/repository/joda-time/joda-time/2.8.1/jars/joda-time.jar, /home/ferlinux/activator-dist-1.3.6/repository/org.joda/joda-convert/1.7/jars/joda-convert.jar, /home/ferlinux/.ivy2/cache/org.scala-lang/scala-reflect/jars/scala-reflect-2.11.6.jar, /home/ferlinux/activator-dist-1.3.6/repository/com.fasterxml.jackson.core/jackson-core/2.5.4/bundles/jackson-core.jar, /home/ferlinux/activator-dist-1.3.6/repository/com.fasterxml.jackson.core/jackson-annotations/2.5.4/bundles/jackson-annotations.jar, /home/ferlinux/activator-dist-1.3.6/repository/com.fasterxml.jackson.core/jackson-databind/2.5.4/bundles/jackson-databind.jar, /home/ferlinux/activator-dist-1.3.6/repository/com.fasterxml.jackson.datatype/jackson-datatype-jdk8/2.5.4/bundles/jackson-datatype-jdk8.jar, /home/ferlinux/activator-dist-1.3.6/repository/com.fasterxml.jackson.datatype/jackson-datatype-jsr310/2.5.4/bundles/jackson-datatype-jsr310.jar, /home/ferlinux/.ivy2/cache/com.typesafe.play/play-netty-utils/jars/play-netty-utils-2.4.3.jar, /home/ferlinux/activator-dist-1.3.6/repository/org.slf4j/slf4j-api/1.7.12/jars/slf4j-api.jar, /home/ferlinux/activator-dist-1.3.6/repository/org.slf4j/jul-to-slf4j/1.7.12/jars/jul-to-slf4j.jar, /home/ferlinux/activator-dist-1.3.6/repository/org.slf4j/jcl-over-slf4j/1.7.12/jars/jcl-over-slf4j.jar, /home/ferlinux/activator-dist-1.3.6/repository/ch.qos.logback/logback-core/1.1.3/jars/logback-core.jar, /home/ferlinux/activator-dist-1.3.6/repository/ch.qos.logback/logback-classic/1.1.3/jars/logback-classic.jar, /home/ferlinux/.ivy2/cache/com.typesafe.akka/akka-actor_2.11/jars/akka-actor_2.11-2.3.13.jar, /home/ferlinux/.ivy2/cache/com.typesafe.akka/akka-slf4j_2.11/jars/akka-slf4j_2.11-2.3.13.jar, /home/ferlinux/activator-dist-1.3.6/repository/commons-codec/commons-codec/1.10/jars/commons-codec.jar, /home/ferlinux/.ivy2/cache/xerces/xercesImpl/jars/xercesImpl-2.11.0.jar, /home/ferlinux/.ivy2/cache/xml-apis/xml-apis/jars/xml-apis-1.4.01.jar, /home/ferlinux/.ivy2/cache/javax.transaction/jta/jars/jta-1.1.jar, /home/ferlinux/activator-dist-1.3.6/repository/com.google.inject/guice/4.0/jars/guice.jar, /home/ferlinux/activator-dist-1.3.6/repository/javax.inject/javax.inject/1/jars/javax.inject.jar, /home/ferlinux/activator-dist-1.3.6/repository/aopalliance/aopalliance/1.0/jars/aopalliance.jar, /home/ferlinux/activator-dist-1.3.6/repository/com.google.inject.extensions/guice-assistedinject/4.0/jars/guice-assistedinject.jar, /home/ferlinux/.ivy2/cache/com.typesafe.play/play-netty-server_2.11/jars/play-netty-server_2.11-2.4.3.jar, /home/ferlinux/.ivy2/cache/io.netty/netty/bundles/netty-3.10.4.Final.jar, /home/ferlinux/activator-dist-1.3.6/repository/com.typesafe.netty/netty-http-pipelining/1.1.4/jars/netty-http-pipelining.jar, /home/ferlinux/.ivy2/cache/com.typesafe.play/play-jdbc_2.11/jars/play-jdbc_2.11-2.4.3.jar, /home/ferlinux/.ivy2/cache/com.typesafe.play/play-jdbc-api_2.11/jars/play-jdbc-api_2.11-2.4.3.jar, /home/ferlinux/activator-dist-1.3.6/repository/com.jolbox/bonecp/0.8.0.RELEASE/bundles/bonecp.jar, /home/ferlinux/activator-dist-1.3.6/repository/com.zaxxer/HikariCP/2.3.7/bundles/HikariCP.jar, /home/ferlinux/activator-dist-1.3.6/repository/com.h2database/h2/1.4.187/jars/h2.jar, /home/ferlinux/activator-dist-1.3.6/repository/tyrex/tyrex/1.0.1/jars/tyrex.jar, /home/ferlinux/.ivy2/cache/com.typesafe.play/play-cache_2.11/jars/play-cache_2.11-2.4.3.jar, /home/ferlinux/activator-dist-1.3.6/repository/net.sf.ehcache/ehcache-core/2.6.11/jars/ehcache-core.jar, /home/ferlinux/.ivy2/cache/com.typesafe.play/play-ws_2.11/jars/play-ws_2.11-2.4.3.jar, /home/ferlinux/activator-dist-1.3.6/repository/com.google.guava/guava/18.0/bundles/guava.jar, /home/ferlinux/activator-dist-1.3.6/repository/com.ning/async-http-client/1.9.21/jars/async-http-client.jar, /home/ferlinux/.ivy2/cache/oauth.signpost/signpost-core/jars/signpost-core-1.2.1.2.jar, /home/ferlinux/.ivy2/cache/oauth.signpost/signpost-commonshttp4/jars/signpost-commonshttp4-1.2.1.2.jar, /home/ferlinux/activator-dist-1.3.6/repository/org.apache.httpcomponents/httpcore/4.0.1/jars/httpcore.jar, /home/ferlinux/activator-dist-1.3.6/repository/org.apache.httpcomponents/httpclient/4.0.1/jars/httpclient.jar, /home/ferlinux/.ivy2/cache/commons-logging/commons-logging/jars/commons-logging-1.1.1.jar, /home/ferlinux/.ivy2/cache/org.reactivemongo/play2-reactivemongo_2.11/jars/play2-reactivemongo_2.11-0.11.0.play24.jar, /home/ferlinux/.ivy2/cache/org.reactivemongo/reactivemongo_2.11/jars/reactivemongo_2.11-0.11.0.jar, /home/ferlinux/.ivy2/cache/org.reactivemongo/reactivemongo-bson-macros_2.11/jars/reactivemongo-bson-macros_2.11-0.11.0.jar, /home/ferlinux/.ivy2/cache/org.scala-lang/scala-compiler/jars/scala-compiler-2.11.6.jar, /home/ferlinux/.ivy2/cache/org.scala-lang.modules/scala-xml_2.11/bundles/scala-xml_2.11-1.0.3.jar, /home/ferlinux/activator-dist-1.3.6/repository/org.scala-lang.modules/scala-parser-combinators_2.11/1.0.3/bundles/scala-parser-combinators_2.11.jar, /home/ferlinux/.ivy2/cache/org.reactivemongo/reactivemongo-bson_2.11/jars/reactivemongo-bson_2.11-0.11.0.jar, /home/ferlinux/.ivy2/cache/org.apache.logging.log4j/log4j-api/jars/log4j-api-2.0.2.jar, /home/ferlinux/.ivy2/cache/org.apache.logging.log4j/log4j-core/jars/log4j-core-2.0.2.jar, /home/ferlinux/.ivy2/cache/org.apache.logging.log4j/log4j-to-slf4j/jars/log4j-to-slf4j-2.0.2.jar),List((public/,/home/ferlinux/activator-dist-1.3.6/spinnerbank-api-internal-demo/target/web/public/main)),List(/home/ferlinux/.ivy2/cache/com.typesafe.play/play-omnidoc_2.11/jars/play-omnidoc_2.11-2.4.3.jar, /home/ferlinux/activator-dist-1.3.6/repository/org.scala-lang/scala-library/2.11.6/jars/scala-library.jar, /home/ferlinux/.ivy2/cache/com.typesafe.play/play-docs_2.11/jars/play-docs_2.11-2.4.3.jar, /home/ferlinux/.ivy2/cache/com.typesafe.play/play-netty-server_2.11/jars/play-netty-server_2.11-2.4.3.jar, /home/ferlinux/.ivy2/cache/com.typesafe.play/play-server_2.11/jars/play-server_2.11-2.4.3.jar, /home/ferlinux/.ivy2/cache/com.typesafe.play/play_2.11/jars/play_2.11-2.4.3.jar, /home/ferlinux/.ivy2/cache/com.typesafe.play/build-link/jars/build-link-2.4.3.jar, /home/ferlinux/.ivy2/cache/com.typesafe.play/play-exceptions/jars/play-exceptions-2.4.3.jar, /home/ferlinux/activator-dist-1.3.6/repository/org.javassist/javassist/3.19.0-GA/bundles/javassist.jar, /home/ferlinux/.ivy2/cache/com.typesafe.play/play-iteratees_2.11/jars/play-iteratees_2.11-2.4.3.jar, /home/ferlinux/.ivy2/cache/org.scala-stm/scala-stm_2.11/jars/scala-stm_2.11-0.7.jar, /home/ferlinux/activator-dist-1.3.6/repository/com.typesafe/config/1.3.0/bundles/config.jar, /home/ferlinux/.ivy2/cache/com.typesafe.play/play-json_2.11/jars/play-json_2.11-2.4.3.jar, /home/ferlinux/.ivy2/cache/com.typesafe.play/play-functional_2.11/jars/play-functional_2.11-2.4.3.jar, /home/ferlinux/.ivy2/cache/com.typesafe.play/play-datacommons_2.11/jars/play-datacommons_2.11-2.4.3.jar, /home/ferlinux/activator-dist-1.3.6/repository/joda-time/joda-time/2.8.1/jars/joda-time.jar, /home/ferlinux/activator-dist-1.3.6/repository/org.joda/joda-convert/1.7/jars/joda-convert.jar, /home/ferlinux/.ivy2/cache/org.scala-lang/scala-reflect/jars/scala-reflect-2.11.6.jar, /home/ferlinux/activator-dist-1.3.6/repository/com.fasterxml.jackson.core/jackson-core/2.5.4/bundles/jackson-core.jar, /home/ferlinux/activator-dist-1.3.6/repository/com.fasterxml.jackson.core/jackson-annotations/2.5.4/bundles/jackson-annotations.jar, /home/ferlinux/activator-dist-1.3.6/repository/com.fasterxml.jackson.core/jackson-databind/2.5.4/bundles/jackson-databind.jar, /home/ferlinux/activator-dist-1.3.6/repository/com.fasterxml.jackson.datatype/jackson-datatype-jdk8/2.5.4/bundles/jackson-datatype-jdk8.jar, /home/ferlinux/activator-dist-1.3.6/repository/com.fasterxml.jackson.datatype/jackson-datatype-jsr310/2.5.4/bundles/jackson-datatype-jsr310.jar, /home/ferlinux/.ivy2/cache/com.typesafe.play/play-netty-utils/jars/play-netty-utils-2.4.3.jar, /home/ferlinux/activator-dist-1.3.6/repository/org.slf4j/slf4j-api/1.7.12/jars/slf4j-api.jar, /home/ferlinux/activator-dist-1.3.6/repository/org.slf4j/jul-to-slf4j/1.7.12/jars/jul-to-slf4j.jar, /home/ferlinux/activator-dist-1.3.6/repository/org.slf4j/jcl-over-slf4j/1.7.12/jars/jcl-over-slf4j.jar, /home/ferlinux/activator-dist-1.3.6/repository/com.typesafe.play/twirl-api_2.11/1.1.1/jars/twirl-api_2.11.jar, /home/ferlinux/activator-dist-1.3.6/repository/org.apache.commons/commons-lang3/3.4/jars/commons-lang3.jar, /home/ferlinux/.ivy2/cache/org.scala-lang.modules/scala-xml_2.11/bundles/scala-xml_2.11-1.0.1.jar, /home/ferlinux/.ivy2/cache/org.scala-lang.modules/scala-parser-combinators_2.11/bundles/scala-parser-combinators_2.11-1.0.1.jar, /home/ferlinux/activator-dist-1.3.6/repository/ch.qos.logback/logback-core/1.1.3/jars/logback-core.jar, /home/ferlinux/activator-dist-1.3.6/repository/ch.qos.logback/logback-classic/1.1.3/jars/logback-classic.jar, /home/ferlinux/.ivy2/cache/com.typesafe.akka/akka-actor_2.11/jars/akka-actor_2.11-2.3.13.jar, /home/ferlinux/.ivy2/cache/com.typesafe.akka/akka-slf4j_2.11/jars/akka-slf4j_2.11-2.3.13.jar, /home/ferlinux/activator-dist-1.3.6/repository/commons-codec/commons-codec/1.10/jars/commons-codec.jar, /home/ferlinux/.ivy2/cache/xerces/xercesImpl/jars/xercesImpl-2.11.0.jar, /home/ferlinux/.ivy2/cache/xml-apis/xml-apis/jars/xml-apis-1.4.01.jar, /home/ferlinux/.ivy2/cache/javax.transaction/jta/jars/jta-1.1.jar, /home/ferlinux/activator-dist-1.3.6/repository/com.google.inject/guice/4.0/jars/guice.jar, /home/ferlinux/activator-dist-1.3.6/repository/javax.inject/javax.inject/1/jars/javax.inject.jar, /home/ferlinux/activator-dist-1.3.6/repository/aopalliance/aopalliance/1.0/jars/aopalliance.jar, /home/ferlinux/.ivy2/cache/com.google.guava/guava/bundles/guava-16.0.1.jar, /home/ferlinux/activator-dist-1.3.6/repository/com.google.inject.extensions/guice-assistedinject/4.0/jars/guice-assistedinject.jar, /home/ferlinux/.ivy2/cache/io.netty/netty/bundles/netty-3.10.4.Final.jar, /home/ferlinux/activator-dist-1.3.6/repository/com.typesafe.netty/netty-http-pipelining/1.1.4/jars/netty-http-pipelining.jar, /home/ferlinux/activator-dist-1.3.6/repository/com.typesafe.play/play-doc_2.11/1.2.2/jars/play-doc_2.11.jar, /home/ferlinux/activator-dist-1.3.6/repository/org.pegdown/pegdown/1.4.0/jars/pegdown.jar, /home/ferlinux/activator-dist-1.3.6/repository/org.parboiled/parboiled-java/1.1.5/bundles/parboiled-java.jar, /home/ferlinux/activator-dist-1.3.6/repository/org.parboiled/parboiled-core/1.1.5/bundles/parboiled-core.jar, /home/ferlinux/activator-dist-1.3.6/repository/org.ow2.asm/asm/4.1/jars/asm.jar, /home/ferlinux/activator-dist-1.3.6/repository/org.ow2.asm/asm-tree/4.1/jars/asm-tree.jar, /home/ferlinux/activator-dist-1.3.6/repository/org.ow2.asm/asm-analysis/4.1/jars/asm-analysis.jar, /home/ferlinux/activator-dist-1.3.6/repository/org.ow2.asm/asm-util/4.1/jars/asm-util.jar, /home/ferlinux/activator-dist-1.3.6/repository/commons-io/commons-io/2.4/jars/commons-io.jar),Some(/home/ferlinux/.ivy2/cache/com.typesafe.play/play-omnidoc_2.11/jars/play-omnidoc_2.11-2.4.3.jar),List(),9000,0.0.0.0,DefaultWatchService,List(/home/ferlinux/activator-dist-1.3.6/spinnerbank-api-internal-demo/public, /home/ferlinux/activator-dist-1.3.6/spinnerbank-api-internal-demo/conf, /home/ferlinux/activator-dist-1.3.6/spinnerbank-api-internal-demo/app),/home/ferlinux/activator-dist-1.3.6/spinnerbank-api-internal-demo/target,500,root/playForkNotifyStart,root/playForkReload,300000,play.core.server.DevServerStart))))
Sending msg to client play-fork-run-aaed8f2d-27b8-4ccc-a03e-ec80d9e8b9cb: TaskStarted(11,551,None)
Sending msg to client play-fork-run-aaed8f2d-27b8-4ccc-a03e-ec80d9e8b9cb: TaskFinished(11,551,None,true,None)
Sending msg to client play-fork-run-aaed8f2d-27b8-4ccc-a03e-ec80d9e8b9cb: TaskStarted(11,550,None)
Sending msg to client play-fork-run-aaed8f2d-27b8-4ccc-a03e-ec80d9e8b9cb: TaskFinished(11,550,None,true,None)
Sending msg to client play-fork-run-aaed8f2d-27b8-4ccc-a03e-ec80d9e8b9cb: DetachedLogEvent(LogMessage(debug,cancel strategy finish enabled=false lastCommand=Some(LastCommand(CommandExecutionWork(ExecutionId(11),{file:/home/ferlinux/activator-dist-1.3.6/spinnerbank-api-internal-demo/}root/*:playForkConfig,Set(LiveClient(play-fork-run aaed8f2d-27b8-4ccc-a03e-ec80d9e8b9cb)),sbt.server.WorkCancellationStatus$$anon$1@5b43a02)))))
Sending msg to client play-fork-run-aaed8f2d-27b8-4ccc-a03e-ec80d9e8b9cb: DetachedLogEvent(LogSuccess(Total time: 0 s, completed 24/11/2015 05:28:12 PM))
Sending msg to client play-fork-run-aaed8f2d-27b8-4ccc-a03e-ec80d9e8b9cb: DetachedLogEvent(LogMessage(debug,> server-post-command-cleanup))
Sending msg to client play-fork-run-aaed8f2d-27b8-4ccc-a03e-ec80d9e8b9cb: ExecutionSuccess(11)
Sending msg to client play-fork-run-aaed8f2d-27b8-4ccc-a03e-ec80d9e8b9cb: DetachedLogEvent(LogMessage(debug,> server-handle-next-server-request))
Sending msg to client play-fork-run-aaed8f2d-27b8-4ccc-a03e-ec80d9e8b9cb: BackgroundJobLogEvent(2,LogMessage(info,))
Sending msg to client play-fork-run-aaed8f2d-27b8-4ccc-a03e-ec80d9e8b9cb: BackgroundJobLogEvent(2,LogMessage(info,[35m--- (Running the application, auto-reloading is enabled) ---[0m))
Sending msg to client play-fork-run-aaed8f2d-27b8-4ccc-a03e-ec80d9e8b9cb: BackgroundJobLogEvent(2,LogMessage(info,))
Sending msg to client play-fork-run-aaed8f2d-27b8-4ccc-a03e-ec80d9e8b9cb: BackgroundJobLogEvent(2,LogMessage(info,p.c.s.NettyServer - Listening for HTTP on /0:0:0:0:0:0:0:0:9000))
Sending msg to client play-fork-run-aaed8f2d-27b8-4ccc-a03e-ec80d9e8b9cb: BackgroundJobLogEvent(2,LogMessage(info,))
Sending msg to client play-fork-run-aaed8f2d-27b8-4ccc-a03e-ec80d9e8b9cb: BackgroundJobLogEvent(2,LogMessage(info,[32m(Server started, use Ctrl+D to stop and go back to the console...)[0m))
Sending msg to client play-fork-run-aaed8f2d-27b8-4ccc-a03e-ec80d9e8b9cb: BackgroundJobLogEvent(2,LogMessage(info,))
Got request: ExecutionRequest(root/playForkNotifyStart http://localhost:9000)
Reading next message from client.
Sending msg to client play-fork-run-aaed8f2d-27b8-4ccc-a03e-ec80d9e8b9cb: (8,ExecutionRequestReceived(12))
Sending msg to client play-fork-run-aaed8f2d-27b8-4ccc-a03e-ec80d9e8b9cb: ExecutionWaiting(12,root/playForkNotifyStart http://localhost:9000,ClientInfo(aaed8f2d-27b8-4ccc-a03e-ec80d9e8b9cb,play-fork-run,Play Fork Run,1,Vector()))
Sending msg to client play-fork-run-aaed8f2d-27b8-4ccc-a03e-ec80d9e8b9cb: ExecutionStarting(12)
Sending msg to client play-fork-run-aaed8f2d-27b8-4ccc-a03e-ec80d9e8b9cb: DetachedLogEvent(LogMessage(debug,> root/playForkNotifyStart http://localhost:9000))
Sending msg to client play-fork-run-aaed8f2d-27b8-4ccc-a03e-ec80d9e8b9cb: DetachedLogEvent(LogMessage(debug,Evaluating tasks: *:playForkNotifyStart))
Sending msg to client play-fork-run-aaed8f2d-27b8-4ccc-a03e-ec80d9e8b9cb: DetachedLogEvent(LogMessage(debug,Running task... Cancel: sbt.server.ServerTaskCancellation@1d3e62a, check cycles: false))
Sending msg to client play-fork-run-aaed8f2d-27b8-4ccc-a03e-ec80d9e8b9cb: DetachedLogEvent(LogMessage(debug,cancel strategy start enabled=true lastCommand=Some(LastCommand(CommandExecutionWork(ExecutionId(12),root/playForkNotifyStart http://localhost:9000,Set(LiveClient(play-fork-run aaed8f2d-27b8-4ccc-a03e-ec80d9e8b9cb)),sbt.server.WorkCancellationStatus$$anon$1@3baee381)))))
Sending msg to client play-fork-run-aaed8f2d-27b8-4ccc-a03e-ec80d9e8b9cb: TaskStarted(12,628,Some(AttributeKey[sbt.SendEventService]("sendEventService") in Scope(Global)))
Sending msg to client play-fork-run-aaed8f2d-27b8-4ccc-a03e-ec80d9e8b9cb: TaskFinished(12,628,Some(AttributeKey[sbt.SendEventService]("sendEventService") in Scope(Global)),true,None)
Sending msg to client play-fork-run-aaed8f2d-27b8-4ccc-a03e-ec80d9e8b9cb: TaskStarted(12,627,Some(AttributeKey[scala.Function1[java.lang.String,void]]("playForkStarted") in Scope(Build: file:/home/ferlinux/activator-dist-1.3.6/spinnerbank-api-internal-demo/, , Project: ProjectReference(file:/home/ferlinux/activator-dist-1.3.6/spinnerbank-api-internal-demo/,root))))
Sending msg to client play-fork-run-aaed8f2d-27b8-4ccc-a03e-ec80d9e8b9cb: TaskFinished(12,627,Some(AttributeKey[scala.Function1[java.lang.String,void]]("playForkStarted") in Scope(Build: file:/home/ferlinux/activator-dist-1.3.6/spinnerbank-api-internal-demo/, , Project: ProjectReference(file:/home/ferlinux/activator-dist-1.3.6/spinnerbank-api-internal-demo/,root))),true,None)
Sending msg to client play-fork-run-aaed8f2d-27b8-4ccc-a03e-ec80d9e8b9cb: TaskStarted(12,626,Some(AttributeKey[void]("playForkNotifyStart") in Scope(Build: file:/home/ferlinux/activator-dist-1.3.6/spinnerbank-api-internal-demo/, , Project: ProjectReference(file:/home/ferlinux/activator-dist-1.3.6/spinnerbank-api-internal-demo/,root))))
Sending msg to client play-fork-run-aaed8f2d-27b8-4ccc-a03e-ec80d9e8b9cb: TaskEvent(626,LazyValue(PlayServerStarted(http://localhost:9000),play.forkrun.protocol.Serializers$PlayForkrunProtocolPlayServerStartedPickler1$2$@6b8557a0))
Sending msg to client play-fork-run-aaed8f2d-27b8-4ccc-a03e-ec80d9e8b9cb: TaskFinished(12,626,Some(AttributeKey[void]("playForkNotifyStart") in Scope(Build: file:/home/ferlinux/activator-dist-1.3.6/spinnerbank-api-internal-demo/, , Project: ProjectReference(file:/home/ferlinux/activator-dist-1.3.6/spinnerbank-api-internal-demo/,root))),true,None)
Sending msg to client play-fork-run-aaed8f2d-27b8-4ccc-a03e-ec80d9e8b9cb: TaskStarted(12,625,None)
Sending msg to client play-fork-run-aaed8f2d-27b8-4ccc-a03e-ec80d9e8b9cb: TaskFinished(12,625,None,true,None)
Sending msg to client play-fork-run-aaed8f2d-27b8-4ccc-a03e-ec80d9e8b9cb: TaskStarted(12,624,None)
Sending msg to client play-fork-run-aaed8f2d-27b8-4ccc-a03e-ec80d9e8b9cb: TaskFinished(12,624,None,true,None)
Sending msg to client play-fork-run-aaed8f2d-27b8-4ccc-a03e-ec80d9e8b9cb: DetachedLogEvent(LogMessage(debug,cancel strategy finish enabled=false lastCommand=Some(LastCommand(CommandExecutionWork(ExecutionId(12),root/playForkNotifyStart http://localhost:9000,Set(LiveClient(play-fork-run aaed8f2d-27b8-4ccc-a03e-ec80d9e8b9cb)),sbt.server.WorkCancellationStatus$$anon$1@3baee381)))))
Sending msg to client play-fork-run-aaed8f2d-27b8-4ccc-a03e-ec80d9e8b9cb: DetachedLogEvent(LogSuccess(Total time: 0 s, completed 24/11/2015 05:28:13 PM))
Sending msg to client play-fork-run-aaed8f2d-27b8-4ccc-a03e-ec80d9e8b9cb: DetachedLogEvent(LogMessage(debug,> server-post-command-cleanup))
Sending msg to client play-fork-run-aaed8f2d-27b8-4ccc-a03e-ec80d9e8b9cb: ExecutionSuccess(12)
Sending msg to client play-fork-run-aaed8f2d-27b8-4ccc-a03e-ec80d9e8b9cb: DetachedLogEvent(LogMessage(debug,> server-handle-next-server-request))
Sending msg to client play-fork-run-aaed8f2d-27b8-4ccc-a03e-ec80d9e8b9cb: ExecutionWaiting(13,jobStop 2,ClientInfo(eee2f802-839b-4654-9871-790c237211b8,activator,Activator,3,Vector()))
Sending msg to client play-fork-run-aaed8f2d-27b8-4ccc-a03e-ec80d9e8b9cb: ExecutionStarting(13)
Sending msg to client play-fork-run-aaed8f2d-27b8-4ccc-a03e-ec80d9e8b9cb: DetachedLogEvent(LogMessage(debug,> jobStop 2))
Sending msg to client play-fork-run-aaed8f2d-27b8-4ccc-a03e-ec80d9e8b9cb: DetachedLogEvent(LogMessage(debug,Evaluating tasks: *:jobStop))
Sending msg to client play-fork-run-aaed8f2d-27b8-4ccc-a03e-ec80d9e8b9cb: DetachedLogEvent(LogMessage(debug,Running task... Cancel: sbt.server.ServerTaskCancellation@3c633895, check cycles: false))
Sending msg to client play-fork-run-aaed8f2d-27b8-4ccc-a03e-ec80d9e8b9cb: DetachedLogEvent(LogMessage(debug,cancel strategy start enabled=true lastCommand=Some(LastCommand(CommandExecutionWork(ExecutionId(13),jobStop 2,Set(LiveClient(activator eee2f802-839b-4654-9871-790c237211b8)),sbt.server.WorkCancellationStatus$$anon$1@76b5d8fa)))))
Sending msg to client play-fork-run-aaed8f2d-27b8-4ccc-a03e-ec80d9e8b9cb: TaskStarted(13,631,Some(AttributeKey[void]("jobStop") in Scope(Global)))
Sending msg to client play-fork-run-aaed8f2d-27b8-4ccc-a03e-ec80d9e8b9cb: BackgroundJobLogEvent(2,LogMessage(info,Stopping Play fork run ...))
Sending msg to client play-fork-run-aaed8f2d-27b8-4ccc-a03e-ec80d9e8b9cb: TaskFinished(13,631,Some(AttributeKey[void]("jobStop") in Scope(Global)),true,None)
Sending msg to client play-fork-run-aaed8f2d-27b8-4ccc-a03e-ec80d9e8b9cb: TaskStarted(13,630,None)
Sending msg to client play-fork-run-aaed8f2d-27b8-4ccc-a03e-ec80d9e8b9cb: TaskFinished(13,630,None,true,None)
Sending msg to client play-fork-run-aaed8f2d-27b8-4ccc-a03e-ec80d9e8b9cb: TaskStarted(13,629,None)
Sending msg to client play-fork-run-aaed8f2d-27b8-4ccc-a03e-ec80d9e8b9cb: TaskFinished(13,629,None,true,None)
Sending msg to client play-fork-run-aaed8f2d-27b8-4ccc-a03e-ec80d9e8b9cb: DetachedLogEvent(LogMessage(debug,cancel strategy finish enabled=false lastCommand=Some(LastCommand(CommandExecutionWork(ExecutionId(13),jobStop 2,Set(LiveClient(activator eee2f802-839b-4654-9871-790c237211b8)),sbt.server.WorkCancellationStatus$$anon$1@76b5d8fa)))))
Sending msg to client play-fork-run-aaed8f2d-27b8-4ccc-a03e-ec80d9e8b9cb: DetachedLogEvent(LogSuccess(Total time: 0 s, completed 24/11/2015 05:28:14 PM))
Sending msg to client play-fork-run-aaed8f2d-27b8-4ccc-a03e-ec80d9e8b9cb: DetachedLogEvent(LogMessage(debug,> server-post-command-cleanup))
Sending msg to client play-fork-run-aaed8f2d-27b8-4ccc-a03e-ec80d9e8b9cb: ExecutionSuccess(13)
Sending msg to client play-fork-run-aaed8f2d-27b8-4ccc-a03e-ec80d9e8b9cb: DetachedLogEvent(LogMessage(debug,> server-handle-next-server-request))
Got request: UnlistenToEvents()
Reading next message from client.
Sending msg to client play-fork-run-aaed8f2d-27b8-4ccc-a03e-ec80d9e8b9cb: (9,ReceivedResponse())
Got request: UnlistenToValue(AttributeKey[play.forkrun.protocol.ForkConfig]("playForkConfig") in Scope(Build: file:/home/ferlinux/activator-dist-1.3.6/spinnerbank-api-internal-demo/, , Project: ProjectReference(file:/home/ferlinux/activator-dist-1.3.6/spinnerbank-api-internal-demo/,root)))
Reading next message from client.
Client play-fork-run-aaed8f2d-27b8-4ccc-a03e-ec80d9e8b9cb EOF, shutting down.
Stopping client.
Client play-fork-run-aaed8f2d-27b8-4ccc-a03e-ec80d9e8b9cb thread exiting.
Dropping message (10,ReceivedResponse()) to dead client play-fork-run-aaed8f2d-27b8-4ccc-a03e-ec80d9e8b9cb
Dropping message (0,ReceivedResponse()) to dead client play-fork-run-aaed8f2d-27b8-4ccc-a03e-ec80d9e8b9cb
